[ 2019-03-17T14:25:41+08:00 ] ::1 /tic/?m=user&c=user&a=login
INFO: [ app_init ] --START--
INFO: Run Behavior\BuildLiteBehavior [ RunTime:0.000014s ]
INFO: [ app_init ] --END-- [ RunTime:0.001049s ]
INFO: [ app_begin ] --START--
INFO: Run Behavior\ReadHtmlCacheBehavior [ RunTime:0.000755s ]
INFO: [ app_begin ] --END-- [ RunTime:0.000803s ]
NOTIC: [2048] Declaration of Common\Model\UserModel::add() should be compatible with Think\Model::add($data = '', $options = Array, $replace = false) E:\phpstudy\WWW\tic\Application\Common\Model\UserModel.class.php 第 11 行.
SQL: SHOW COLUMNS FROM `user` [ RunTime:0.0213s ]
NOTIC: [8] Undefined variable: _db E:\phpstudy\WWW\tic\Application\Common\Model\UserModel.class.php 第 15 行.
NOTIC: [2] Missing argument 2 for Common\Model\UserModel::get_by_username(), called in E:\phpstudy\WWW\tic\Application\User\Controller\UserController.class.php on line 64 and defined E:\phpstudy\WWW\tic\Application\Common\Model\UserModel.class.php 第 31 行.
NOTIC: [8] Undefined variable: _db E:\phpstudy\WWW\tic\Application\Common\Model\UserModel.class.php 第 32 行.
SQL: SELECT * FROM `user` WHERE ( (account = '1239236430@qq.com' OR email = '1239236430@qq.com')  ) LIMIT 1   [ RunTime:0.0004s ]
NOTIC: [8] Undefined variable: _db E:\phpstudy\WWW\tic\Application\Common\Model\UserModel.class.php 第 29 行.
SQL: SELECT `id`,`account`,`email`,`nickname`,`sex`,`portrait`,`score`,`province`,`city`,`phone`,`birthday`,`constellation`,`describe`,`createtime`,`createtimes`,`status` FROM `user` WHERE ( (account = '1239236430@qq.com' OR email = '1239236430@qq.com') AND password = '71ac861b2bd8873d7cd95243b72273f3'  ) LIMIT 1   [ RunTime:0.0002s ]

[ 2019-03-17T14:26:09+08:00 ] ::1 /tic/?m=user&c=user&a=get_userinfo
INFO: [ app_init ] --START--
INFO: Run Behavior\BuildLiteBehavior [ RunTime:0.000010s ]
INFO: [ app_init ] --END-- [ RunTime:0.000373s ]
INFO: [ app_begin ] --START--
INFO: Run Behavior\ReadHtmlCacheBehavior [ RunTime:0.000661s ]
INFO: [ app_begin ] --END-- [ RunTime:0.000695s ]
NOTIC: [2048] Declaration of Common\Model\UserModel::add() should be compatible with Think\Model::add($data = '', $options = Array, $replace = false) E:\phpstudy\WWW\tic\Application\Common\Model\UserModel.class.php 第 11 行.
SQL: SHOW COLUMNS FROM `user` [ RunTime:0.0124s ]
NOTIC: [8] Undefined variable: _db E:\phpstudy\WWW\tic\Application\Common\Model\UserModel.class.php 第 15 行.
NOTIC: [8] Undefined variable: _db E:\phpstudy\WWW\tic\Application\Common\Model\UserModel.class.php 第 36 行.
SQL: SELECT `id`,`account`,`email`,`nickname`,`sex`,`portrait`,`score`,`province`,`city`,`phone`,`birthday`,`constellation`,`describe`,`createtime`,`createtimes`,`status` FROM `user` WHERE `id` = 1 LIMIT 1   [ RunTime:0.0003s ]

[ 2019-03-17T14:26:35+08:00 ] ::1 /tic/?m=user&c=user&a=update_userinfo
INFO: [ app_init ] --START--
INFO: Run Behavior\BuildLiteBehavior [ RunTime:0.000010s ]
INFO: [ app_init ] --END-- [ RunTime:0.000371s ]
INFO: [ app_begin ] --START--
INFO: Run Behavior\ReadHtmlCacheBehavior [ RunTime:0.000631s ]
INFO: [ app_begin ] --END-- [ RunTime:0.000667s ]
NOTIC: [2048] Declaration of Common\Model\UserModel::add() should be compatible with Think\Model::add($data = '', $options = Array, $replace = false) E:\phpstudy\WWW\tic\Application\Common\Model\UserModel.class.php 第 11 行.
SQL: SHOW COLUMNS FROM `user` [ RunTime:0.0112s ]
NOTIC: [8] Undefined variable: _db E:\phpstudy\WWW\tic\Application\Common\Model\UserModel.class.php 第 15 行.
NOTIC: [8] Undefined variable: _db E:\phpstudy\WWW\tic\Application\Common\Model\UserModel.class.php 第 51 行.
SQL: UPDATE `user` SET `nickname`='zhu' WHERE `id` = 1 [ RunTime:0.0386s ]

