[ 2019-03-18T14:29:20+08:00 ] ::1 /tic/?m=user&c=user&a=update_userinfo
INFO: [ app_init ] --START--
INFO: Run Behavior\BuildLiteBehavior [ RunTime:0.000013s ]
INFO: [ app_init ] --END-- [ RunTime:0.000639s ]
INFO: [ app_begin ] --START--
INFO: Run Behavior\ReadHtmlCacheBehavior [ RunTime:0.000495s ]
INFO: [ app_begin ] --END-- [ RunTime:0.000541s ]

[ 2019-03-18T14:29:29+08:00 ] ::1 /tic/?m=user&c=user&a=update_userinfo
INFO: [ app_init ] --START--
INFO: Run Behavior\BuildLiteBehavior [ RunTime:0.000017s ]
INFO: [ app_init ] --END-- [ RunTime:0.000330s ]
INFO: [ app_begin ] --START--
INFO: Run Behavior\ReadHtmlCacheBehavior [ RunTime:0.000318s ]
INFO: [ app_begin ] --END-- [ RunTime:0.000355s ]

[ 2019-03-18T14:29:34+08:00 ] ::1 /tic/?m=user&c=user&a=update_userinfo
INFO: [ app_init ] --START--
INFO: Run Behavior\BuildLiteBehavior [ RunTime:0.000010s ]
INFO: [ app_init ] --END-- [ RunTime:0.000204s ]
INFO: [ app_begin ] --START--
INFO: Run Behavior\ReadHtmlCacheBehavior [ RunTime:0.000298s ]
INFO: [ app_begin ] --END-- [ RunTime:0.000340s ]
NOTIC: [2048] Declaration of Common\Model\UserModel::add() should be compatible with Think\Model::add($data = '', $options = Array, $replace = false) /Applications/XAMPP/xamppfiles/htdocs/tic/Application/Common/Model/UserModel.class.php 第 11 行.
SQL: SHOW COLUMNS FROM `user` [ RunTime:0.0021s ]
NOTIC: [8] Undefined variable: _db /Applications/XAMPP/xamppfiles/htdocs/tic/Application/Common/Model/UserModel.class.php 第 15 行.
NOTIC: [8] Undefined variable: _db /Applications/XAMPP/xamppfiles/htdocs/tic/Application/Common/Model/UserModel.class.php 第 51 行.
SQL: UPDATE `user` SET `phone`='1231231231' WHERE `id` = '1' [ RunTime:0.0020s ]

[ 2019-03-18T14:30:04+08:00 ] ::1 /tic/?m=user&c=user&a=update_userinfo
INFO: [ app_init ] --START--
INFO: Run Behavior\BuildLiteBehavior [ RunTime:0.000057s ]
INFO: [ app_init ] --END-- [ RunTime:0.000601s ]
INFO: [ app_begin ] --START--
INFO: Run Behavior\ReadHtmlCacheBehavior [ RunTime:0.000626s ]
INFO: [ app_begin ] --END-- [ RunTime:0.000691s ]
NOTIC: [2048] Declaration of Common\Model\UserModel::add() should be compatible with Think\Model::add($data = '', $options = Array, $replace = false) /Applications/XAMPP/xamppfiles/htdocs/tic/Application/Common/Model/UserModel.class.php 第 11 行.
SQL: SHOW COLUMNS FROM `user` [ RunTime:0.0015s ]
NOTIC: [8] Undefined variable: _db /Applications/XAMPP/xamppfiles/htdocs/tic/Application/Common/Model/UserModel.class.php 第 15 行.
NOTIC: [8] Undefined variable: _db /Applications/XAMPP/xamppfiles/htdocs/tic/Application/Common/Model/UserModel.class.php 第 51 行.
SQL: UPDATE `user` SET `phone`='1231231231' WHERE `id` = '1' [ RunTime:0.0003s ]

[ 2019-03-18T14:30:37+08:00 ] ::1 /tic/?m=user&c=user&a=update_userinfo
INFO: [ app_init ] --START--
INFO: Run Behavior\BuildLiteBehavior [ RunTime:0.000016s ]
INFO: [ app_init ] --END-- [ RunTime:0.000566s ]
INFO: [ app_begin ] --START--
INFO: Run Behavior\ReadHtmlCacheBehavior [ RunTime:0.000520s ]
INFO: [ app_begin ] --END-- [ RunTime:0.000558s ]
NOTIC: [2048] Declaration of Common\Model\UserModel::add() should be compatible with Think\Model::add($data = '', $options = Array, $replace = false) /Applications/XAMPP/xamppfiles/htdocs/tic/Application/Common/Model/UserModel.class.php 第 11 行.
SQL: SHOW COLUMNS FROM `user` [ RunTime:0.0013s ]
NOTIC: [8] Undefined variable: _db /Applications/XAMPP/xamppfiles/htdocs/tic/Application/Common/Model/UserModel.class.php 第 15 行.
NOTIC: [8] Undefined variable: _db /Applications/XAMPP/xamppfiles/htdocs/tic/Application/Common/Model/UserModel.class.php 第 51 行.
SQL: UPDATE `user` SET `phone`='1231231231' WHERE `id` = '1' [ RunTime:0.0002s ]

[ 2019-03-18T14:30:44+08:00 ] ::1 /tic/?m=user&c=user&a=update_userinfo
INFO: [ app_init ] --START--
INFO: Run Behavior\BuildLiteBehavior [ RunTime:0.000019s ]
INFO: [ app_init ] --END-- [ RunTime:0.000383s ]
INFO: [ app_begin ] --START--
INFO: Run Behavior\ReadHtmlCacheBehavior [ RunTime:0.000329s ]
INFO: [ app_begin ] --END-- [ RunTime:0.000369s ]
NOTIC: [2048] Declaration of Common\Model\UserModel::add() should be compatible with Think\Model::add($data = '', $options = Array, $replace = false) /Applications/XAMPP/xamppfiles/htdocs/tic/Application/Common/Model/UserModel.class.php 第 11 行.
SQL: SHOW COLUMNS FROM `user` [ RunTime:0.0019s ]
NOTIC: [8] Undefined variable: _db /Applications/XAMPP/xamppfiles/htdocs/tic/Application/Common/Model/UserModel.class.php 第 15 行.
NOTIC: [8] Undefined variable: _db /Applications/XAMPP/xamppfiles/htdocs/tic/Application/Common/Model/UserModel.class.php 第 51 行.
SQL: UPDATE `user` SET `nickname`=' ',`phone`='1231231231' WHERE `id` = '1' [ RunTime:0.0004s ]

[ 2019-03-18T14:31:04+08:00 ] ::1 /tic/?m=user&c=user&a=update_userinfo
INFO: [ app_init ] --START--
INFO: Run Behavior\BuildLiteBehavior [ RunTime:0.000014s ]
INFO: [ app_init ] --END-- [ RunTime:0.000502s ]
INFO: [ app_begin ] --START--
INFO: Run Behavior\ReadHtmlCacheBehavior [ RunTime:0.000466s ]
INFO: [ app_begin ] --END-- [ RunTime:0.000529s ]
NOTIC: [2048] Declaration of Common\Model\UserModel::add() should be compatible with Think\Model::add($data = '', $options = Array, $replace = false) /Applications/XAMPP/xamppfiles/htdocs/tic/Application/Common/Model/UserModel.class.php 第 11 行.
SQL: SHOW COLUMNS FROM `user` [ RunTime:0.0022s ]
NOTIC: [8] Undefined variable: _db /Applications/XAMPP/xamppfiles/htdocs/tic/Application/Common/Model/UserModel.class.php 第 15 行.
NOTIC: [8] Undefined variable: _db /Applications/XAMPP/xamppfiles/htdocs/tic/Application/Common/Model/UserModel.class.php 第 51 行.
SQL: UPDATE `user` SET `phone`='1231231231' WHERE `id` = '1' [ RunTime:0.0003s ]

[ 2019-03-18T14:31:12+08:00 ] ::1 /tic/?m=user&c=user&a=update_userinfo
INFO: [ app_init ] --START--
INFO: Run Behavior\BuildLiteBehavior [ RunTime:0.000024s ]
INFO: [ app_init ] --END-- [ RunTime:0.000459s ]
INFO: [ app_begin ] --START--
INFO: Run Behavior\ReadHtmlCacheBehavior [ RunTime:0.000361s ]
INFO: [ app_begin ] --END-- [ RunTime:0.000396s ]
NOTIC: [2048] Declaration of Common\Model\UserModel::add() should be compatible with Think\Model::add($data = '', $options = Array, $replace = false) /Applications/XAMPP/xamppfiles/htdocs/tic/Application/Common/Model/UserModel.class.php 第 11 行.
SQL: SHOW COLUMNS FROM `user` [ RunTime:0.0030s ]
NOTIC: [8] Undefined variable: _db /Applications/XAMPP/xamppfiles/htdocs/tic/Application/Common/Model/UserModel.class.php 第 15 行.
NOTIC: [8] Undefined variable: _db /Applications/XAMPP/xamppfiles/htdocs/tic/Application/Common/Model/UserModel.class.php 第 51 行.
SQL: UPDATE `user` SET `phone`='1231231231' WHERE `id` = '1' [ RunTime:0.0003s ]

[ 2019-03-18T14:31:14+08:00 ] ::1 /tic/?m=user&c=user&a=update_userinfo
INFO: [ app_init ] --START--
INFO: Run Behavior\BuildLiteBehavior [ RunTime:0.000012s ]
INFO: [ app_init ] --END-- [ RunTime:0.000256s ]
INFO: [ app_begin ] --START--
INFO: Run Behavior\ReadHtmlCacheBehavior [ RunTime:0.000284s ]
INFO: [ app_begin ] --END-- [ RunTime:0.000323s ]
NOTIC: [2048] Declaration of Common\Model\UserModel::add() should be compatible with Think\Model::add($data = '', $options = Array, $replace = false) /Applications/XAMPP/xamppfiles/htdocs/tic/Application/Common/Model/UserModel.class.php 第 11 行.
SQL: SHOW COLUMNS FROM `user` [ RunTime:0.0013s ]
NOTIC: [8] Undefined variable: _db /Applications/XAMPP/xamppfiles/htdocs/tic/Application/Common/Model/UserModel.class.php 第 15 行.
NOTIC: [8] Undefined variable: _db /Applications/XAMPP/xamppfiles/htdocs/tic/Application/Common/Model/UserModel.class.php 第 51 行.
SQL: UPDATE `user` SET `phone`='1231231231' WHERE `id` = '1' [ RunTime:0.0002s ]

[ 2019-03-18T14:31:14+08:00 ] ::1 /tic/?m=user&c=user&a=update_userinfo
INFO: [ app_init ] --START--
INFO: Run Behavior\BuildLiteBehavior [ RunTime:0.000011s ]
INFO: [ app_init ] --END-- [ RunTime:0.000221s ]
INFO: [ app_begin ] --START--
INFO: Run Behavior\ReadHtmlCacheBehavior [ RunTime:0.000324s ]
INFO: [ app_begin ] --END-- [ RunTime:0.000365s ]
NOTIC: [2048] Declaration of Common\Model\UserModel::add() should be compatible with Think\Model::add($data = '', $options = Array, $replace = false) /Applications/XAMPP/xamppfiles/htdocs/tic/Application/Common/Model/UserModel.class.php 第 11 行.
SQL: SHOW COLUMNS FROM `user` [ RunTime:0.0012s ]
NOTIC: [8] Undefined variable: _db /Applications/XAMPP/xamppfiles/htdocs/tic/Application/Common/Model/UserModel.class.php 第 15 行.
NOTIC: [8] Undefined variable: _db /Applications/XAMPP/xamppfiles/htdocs/tic/Application/Common/Model/UserModel.class.php 第 51 行.
SQL: UPDATE `user` SET `phone`='1231231231' WHERE `id` = '1' [ RunTime:0.0002s ]

[ 2019-03-18T14:31:35+08:00 ] ::1 /tic/?m=user&c=user&a=update_userinfo
INFO: [ app_init ] --START--
INFO: Run Behavior\BuildLiteBehavior [ RunTime:0.000008s ]
INFO: [ app_init ] --END-- [ RunTime:0.000192s ]
INFO: [ app_begin ] --START--
INFO: Run Behavior\ReadHtmlCacheBehavior [ RunTime:0.000254s ]
INFO: [ app_begin ] --END-- [ RunTime:0.000281s ]

[ 2019-03-18T14:31:55+08:00 ] ::1 /tic/?m=user&c=user&a=update_userinfo
INFO: [ app_init ] --START--
INFO: Run Behavior\BuildLiteBehavior [ RunTime:0.000036s ]
INFO: [ app_init ] --END-- [ RunTime:0.000742s ]
INFO: [ app_begin ] --START--
INFO: Run Behavior\ReadHtmlCacheBehavior [ RunTime:0.000379s ]
INFO: [ app_begin ] --END-- [ RunTime:0.000416s ]

[ 2019-03-18T14:32:12+08:00 ] ::1 /tic/?m=user&c=user&a=update_userinfo
INFO: [ app_init ] --START--
INFO: Run Behavior\BuildLiteBehavior [ RunTime:0.000014s ]
INFO: [ app_init ] --END-- [ RunTime:0.000310s ]
INFO: [ app_begin ] --START--
INFO: Run Behavior\ReadHtmlCacheBehavior [ RunTime:0.000641s ]
INFO: [ app_begin ] --END-- [ RunTime:0.000712s ]

[ 2019-03-18T14:32:20+08:00 ] ::1 /tic/?m=user&c=user&a=update_userinfo
INFO: [ app_init ] --START--
INFO: Run Behavior\BuildLiteBehavior [ RunTime:0.000050s ]
INFO: [ app_init ] --END-- [ RunTime:0.000966s ]
INFO: [ app_begin ] --START--
INFO: Run Behavior\ReadHtmlCacheBehavior [ RunTime:0.000569s ]
INFO: [ app_begin ] --END-- [ RunTime:0.000664s ]
NOTIC: [2048] Declaration of Common\Model\UserModel::add() should be compatible with Think\Model::add($data = '', $options = Array, $replace = false) /Applications/XAMPP/xamppfiles/htdocs/tic/Application/Common/Model/UserModel.class.php 第 11 行.
SQL: SHOW COLUMNS FROM `user` [ RunTime:0.0026s ]
NOTIC: [8] Undefined variable: _db /Applications/XAMPP/xamppfiles/htdocs/tic/Application/Common/Model/UserModel.class.php 第 15 行.
NOTIC: [8] Undefined variable: _db /Applications/XAMPP/xamppfiles/htdocs/tic/Application/Common/Model/UserModel.class.php 第 51 行.
SQL: UPDATE `user` SET `phone`='1231231231' WHERE `id` = '1' [ RunTime:0.0007s ]

[ 2019-03-18T14:32:37+08:00 ] ::1 /tic/?m=user&c=user&a=update_userinfo
INFO: [ app_init ] --START--
INFO: Run Behavior\BuildLiteBehavior [ RunTime:0.000012s ]
INFO: [ app_init ] --END-- [ RunTime:0.000212s ]
INFO: [ app_begin ] --START--
INFO: Run Behavior\ReadHtmlCacheBehavior [ RunTime:0.000262s ]
INFO: [ app_begin ] --END-- [ RunTime:0.000291s ]
NOTIC: [2048] Declaration of Common\Model\UserModel::add() should be compatible with Think\Model::add($data = '', $options = Array, $replace = false) /Applications/XAMPP/xamppfiles/htdocs/tic/Application/Common/Model/UserModel.class.php 第 11 行.
SQL: SHOW COLUMNS FROM `user` [ RunTime:0.0020s ]
NOTIC: [8] Undefined variable: _db /Applications/XAMPP/xamppfiles/htdocs/tic/Application/Common/Model/UserModel.class.php 第 15 行.
NOTIC: [8] Undefined variable: _db /Applications/XAMPP/xamppfiles/htdocs/tic/Application/Common/Model/UserModel.class.php 第 51 行.
SQL: UPDATE `user` SET `phone`='1231231231' WHERE `id` = '1' [ RunTime:0.0008s ]

[ 2019-03-18T14:32:45+08:00 ] ::1 /tic/?m=user&c=user&a=update_userinfo
INFO: [ app_init ] --START--
INFO: Run Behavior\BuildLiteBehavior [ RunTime:0.000011s ]
INFO: [ app_init ] --END-- [ RunTime:0.000424s ]
INFO: [ app_begin ] --START--
INFO: Run Behavior\ReadHtmlCacheBehavior [ RunTime:0.001375s ]
INFO: [ app_begin ] --END-- [ RunTime:0.001449s ]
NOTIC: [2048] Declaration of Common\Model\UserModel::add() should be compatible with Think\Model::add($data = '', $options = Array, $replace = false) /Applications/XAMPP/xamppfiles/htdocs/tic/Application/Common/Model/UserModel.class.php 第 11 行.
SQL: SHOW COLUMNS FROM `user` [ RunTime:0.0018s ]
NOTIC: [8] Undefined variable: _db /Applications/XAMPP/xamppfiles/htdocs/tic/Application/Common/Model/UserModel.class.php 第 15 行.
NOTIC: [8] Undefined variable: _db /Applications/XAMPP/xamppfiles/htdocs/tic/Application/Common/Model/UserModel.class.php 第 51 行.
SQL: UPDATE `user` SET `phone`='1231231' WHERE `id` = '1' [ RunTime:0.0009s ]

[ 2019-03-18T14:33:14+08:00 ] ::1 /tic/?m=user&c=user&a=update_userinfo
INFO: [ app_init ] --START--
INFO: Run Behavior\BuildLiteBehavior [ RunTime:0.000010s ]
INFO: [ app_init ] --END-- [ RunTime:0.000237s ]
INFO: [ app_begin ] --START--
INFO: Run Behavior\ReadHtmlCacheBehavior [ RunTime:0.000266s ]
INFO: [ app_begin ] --END-- [ RunTime:0.000295s ]
NOTIC: [2048] Declaration of Common\Model\UserModel::add() should be compatible with Think\Model::add($data = '', $options = Array, $replace = false) /Applications/XAMPP/xamppfiles/htdocs/tic/Application/Common/Model/UserModel.class.php 第 11 行.
SQL: SHOW COLUMNS FROM `user` [ RunTime:0.0020s ]
NOTIC: [8] Undefined variable: _db /Applications/XAMPP/xamppfiles/htdocs/tic/Application/Common/Model/UserModel.class.php 第 15 行.
NOTIC: [8] Undefined variable: _db /Applications/XAMPP/xamppfiles/htdocs/tic/Application/Common/Model/UserModel.class.php 第 51 行.
SQL: UPDATE `user` SET `phone`='1231231' WHERE `id` = '1' [ RunTime:0.0006s ]

[ 2019-03-18T14:33:17+08:00 ] ::1 /tic/?m=user&c=user&a=update_userinfo
INFO: [ app_init ] --START--
INFO: Run Behavior\BuildLiteBehavior [ RunTime:0.000010s ]
INFO: [ app_init ] --END-- [ RunTime:0.000224s ]
INFO: [ app_begin ] --START--
INFO: Run Behavior\ReadHtmlCacheBehavior [ RunTime:0.000251s ]
INFO: [ app_begin ] --END-- [ RunTime:0.000277s ]
NOTIC: [2048] Declaration of Common\Model\UserModel::add() should be compatible with Think\Model::add($data = '', $options = Array, $replace = false) /Applications/XAMPP/xamppfiles/htdocs/tic/Application/Common/Model/UserModel.class.php 第 11 行.
SQL: SHOW COLUMNS FROM `user` [ RunTime:0.0022s ]
NOTIC: [8] Undefined variable: _db /Applications/XAMPP/xamppfiles/htdocs/tic/Application/Common/Model/UserModel.class.php 第 15 行.
NOTIC: [8] Undefined variable: _db /Applications/XAMPP/xamppfiles/htdocs/tic/Application/Common/Model/UserModel.class.php 第 51 行.
SQL: UPDATE `user` SET `phone`='123123122' WHERE `id` = '1' [ RunTime:0.0006s ]

[ 2019-03-18T14:34:50+08:00 ] ::1 /tic/?m=user&c=user&a=update_userinfo
INFO: [ app_init ] --START--
INFO: Run Behavior\BuildLiteBehavior [ RunTime:0.000014s ]
INFO: [ app_init ] --END-- [ RunTime:0.000242s ]
INFO: [ app_begin ] --START--
INFO: Run Behavior\ReadHtmlCacheBehavior [ RunTime:0.000284s ]
INFO: [ app_begin ] --END-- [ RunTime:0.000316s ]

[ 2019-03-18T14:34:59+08:00 ] ::1 /tic/?m=user&c=user&a=update_userinfo
INFO: [ app_init ] --START--
INFO: Run Behavior\BuildLiteBehavior [ RunTime:0.000018s ]
INFO: [ app_init ] --END-- [ RunTime:0.000310s ]
INFO: [ app_begin ] --START--
INFO: Run Behavior\ReadHtmlCacheBehavior [ RunTime:0.000331s ]
INFO: [ app_begin ] --END-- [ RunTime:0.000372s ]
NOTIC: [2048] Declaration of Common\Model\UserModel::add() should be compatible with Think\Model::add($data = '', $options = Array, $replace = false) /Applications/XAMPP/xamppfiles/htdocs/tic/Application/Common/Model/UserModel.class.php 第 11 行.
SQL: SHOW COLUMNS FROM `user` [ RunTime:0.0024s ]
NOTIC: [8] Undefined variable: _db /Applications/XAMPP/xamppfiles/htdocs/tic/Application/Common/Model/UserModel.class.php 第 15 行.
NOTIC: [8] Undefined variable: _db /Applications/XAMPP/xamppfiles/htdocs/tic/Application/Common/Model/UserModel.class.php 第 51 行.
SQL: UPDATE `user` SET `nickname`=' ' WHERE `id` = '1' [ RunTime:0.0008s ]

