[ 2019-03-16T14:56:14+08:00 ] ::1 /tic/?m=friend&c=friend&a=search_user
INFO: [ app_init ] --START--
INFO: Run Behavior\BuildLiteBehavior [ RunTime:0.000011s ]
INFO: [ app_init ] --END-- [ RunTime:0.000306s ]
INFO: [ app_begin ] --START--
INFO: Run Behavior\ReadHtmlCacheBehavior [ RunTime:0.000426s ]
INFO: [ app_begin ] --END-- [ RunTime:0.000459s ]

[ 2019-03-16T14:57:14+08:00 ] ::1 /tic/?m=friend&c=friend&a=search_user
INFO: [ app_init ] --START--
INFO: Run Behavior\BuildLiteBehavior [ RunTime:0.000011s ]
INFO: [ app_init ] --END-- [ RunTime:0.000381s ]
INFO: [ app_begin ] --START--
INFO: Run Behavior\ReadHtmlCacheBehavior [ RunTime:0.000715s ]
INFO: [ app_begin ] --END-- [ RunTime:0.000748s ]
SQL: SHOW COLUMNS FROM `friend` [ RunTime:0.0163s ]
NOTIC: [8] Undefined variable: _db E:\phpstudy\WWW\tic\Application\Common\Model\FriendModel.class.php 第 10 行.
NOTIC: [8] Undefined variable: _db E:\phpstudy\WWW\tic\Application\Common\Model\FriendModel.class.php 第 21 行.
NOTIC: [8] Undefined variable: userid E:\phpstudy\WWW\tic\Application\Common\Model\FriendModel.class.php 第 22 行.
ERR: 1054:Unknown column 'account' in 'field list'
 [ SQL语句 ] : SELECT `id`,`account`,`email`,`nickname`,`sex`,`portrait`,`score`,`province`,`city`,`phone`,`birthday`,`constellation`,`describe`,`createtimes` FROM `friend` WHERE ( account = 'w' OR nickname LIKE '%%' ) 
ERR: 1054:Unknown column 'account' in 'field list'
 [ SQL语句 ] : SELECT `id`,`account`,`email`,`nickname`,`sex`,`portrait`,`score`,`province`,`city`,`phone`,`birthday`,`constellation`,`describe`,`createtimes` FROM `friend` WHERE ( account = 'w' OR nickname LIKE '%%' ) 

[ 2019-03-16T14:57:47+08:00 ] ::1 /tic/?m=friend&c=friend&a=search_user
INFO: [ app_init ] --START--
INFO: Run Behavior\BuildLiteBehavior [ RunTime:0.000010s ]
INFO: [ app_init ] --END-- [ RunTime:0.000375s ]
INFO: [ app_begin ] --START--
INFO: Run Behavior\ReadHtmlCacheBehavior [ RunTime:0.000637s ]
INFO: [ app_begin ] --END-- [ RunTime:0.000670s ]
NOTIC: [2048] Declaration of Common\Model\UserModel::add() should be compatible with Think\Model::add($data = '', $options = Array, $replace = false) E:\phpstudy\WWW\tic\Application\Common\Model\UserModel.class.php 第 11 行.
SQL: SHOW COLUMNS FROM `user` [ RunTime:0.0128s ]
NOTIC: [8] Undefined variable: _db E:\phpstudy\WWW\tic\Application\Common\Model\UserModel.class.php 第 15 行.
NOTIC: [8] Undefined variable: _db E:\phpstudy\WWW\tic\Application\Common\Model\UserModel.class.php 第 55 行.
NOTIC: [8] Undefined variable: userid E:\phpstudy\WWW\tic\Application\Common\Model\UserModel.class.php 第 56 行.
SQL: SELECT `id`,`account`,`email`,`nickname`,`sex`,`portrait`,`score`,`province`,`city`,`phone`,`birthday`,`constellation`,`describe`,`createtimes` FROM `user` WHERE ( account = 'w' OR nickname LIKE '%%' )  [ RunTime:0.0003s ]

[ 2019-03-16T14:59:08+08:00 ] ::1 /tic/?m=friend&c=friend&a=search_user
INFO: [ app_init ] --START--
INFO: Run Behavior\BuildLiteBehavior [ RunTime:0.000010s ]
INFO: [ app_init ] --END-- [ RunTime:0.000386s ]
INFO: [ app_begin ] --START--
INFO: Run Behavior\ReadHtmlCacheBehavior [ RunTime:0.000648s ]
INFO: [ app_begin ] --END-- [ RunTime:0.000682s ]
NOTIC: [2048] Declaration of Common\Model\UserModel::add() should be compatible with Think\Model::add($data = '', $options = Array, $replace = false) E:\phpstudy\WWW\tic\Application\Common\Model\UserModel.class.php 第 11 行.
SQL: SHOW COLUMNS FROM `user` [ RunTime:0.0120s ]
NOTIC: [8] Undefined variable: _db E:\phpstudy\WWW\tic\Application\Common\Model\UserModel.class.php 第 15 行.
NOTIC: [8] Undefined variable: _db E:\phpstudy\WWW\tic\Application\Common\Model\UserModel.class.php 第 55 行.
NOTIC: [8] Undefined variable: userid E:\phpstudy\WWW\tic\Application\Common\Model\UserModel.class.php 第 56 行.
SQL: SELECT `id`,`account`,`email`,`nickname`,`sex`,`portrait`,`score`,`province`,`city`,`phone`,`birthday`,`constellation`,`describe`,`createtimes` FROM `user` WHERE ( account LIKE '%w%' OR nickname LIKE '%%' )  [ RunTime:0.0004s ]

[ 2019-03-16T14:59:37+08:00 ] ::1 /tic/?m=friend&c=friend&a=search_user
INFO: [ app_init ] --START--
INFO: Run Behavior\BuildLiteBehavior [ RunTime:0.000011s ]
INFO: [ app_init ] --END-- [ RunTime:0.000323s ]
INFO: [ app_begin ] --START--
INFO: Run Behavior\ReadHtmlCacheBehavior [ RunTime:0.000434s ]
INFO: [ app_begin ] --END-- [ RunTime:0.000467s ]
NOTIC: [2048] Declaration of Common\Model\UserModel::add() should be compatible with Think\Model::add($data = '', $options = Array, $replace = false) E:\phpstudy\WWW\tic\Application\Common\Model\UserModel.class.php 第 11 行.
SQL: SHOW COLUMNS FROM `user` [ RunTime:0.0128s ]
NOTIC: [8] Undefined variable: _db E:\phpstudy\WWW\tic\Application\Common\Model\UserModel.class.php 第 15 行.
NOTIC: [8] Undefined variable: _db E:\phpstudy\WWW\tic\Application\Common\Model\UserModel.class.php 第 55 行.
NOTIC: [8] Undefined variable: userid E:\phpstudy\WWW\tic\Application\Common\Model\UserModel.class.php 第 55 行.
SQL: SELECT `id`,`account`,`email`,`nickname`,`sex`,`portrait`,`score`,`province`,`city`,`phone`,`birthday`,`constellation`,`describe`,`createtimes` FROM `user` WHERE ( account LIKE '%w%' OR nickname LIKE '%%' )  [ RunTime:0.0003s ]

[ 2019-03-16T14:59:57+08:00 ] ::1 /tic/?m=friend&c=friend&a=search_user
INFO: [ app_init ] --START--
INFO: Run Behavior\BuildLiteBehavior [ RunTime:0.000010s ]
INFO: [ app_init ] --END-- [ RunTime:0.000395s ]
INFO: [ app_begin ] --START--
INFO: Run Behavior\ReadHtmlCacheBehavior [ RunTime:0.000785s ]
INFO: [ app_begin ] --END-- [ RunTime:0.000820s ]
NOTIC: [2048] Declaration of Common\Model\UserModel::add() should be compatible with Think\Model::add($data = '', $options = Array, $replace = false) E:\phpstudy\WWW\tic\Application\Common\Model\UserModel.class.php 第 11 行.
SQL: SHOW COLUMNS FROM `user` [ RunTime:0.0133s ]
NOTIC: [8] Undefined variable: _db E:\phpstudy\WWW\tic\Application\Common\Model\UserModel.class.php 第 15 行.
NOTIC: [8] Undefined variable: _db E:\phpstudy\WWW\tic\Application\Common\Model\UserModel.class.php 第 55 行.
NOTIC: [8] Undefined variable: userid E:\phpstudy\WWW\tic\Application\Common\Model\UserModel.class.php 第 55 行.
SQL: SELECT `id`,`account`,`email`,`nickname`,`sex`,`portrait`,`score`,`province`,`city`,`phone`,`birthday`,`constellation`,`describe`,`createtimes` FROM `user` WHERE ( account LIKE '%wendy%' OR nickname LIKE '%%' )  [ RunTime:0.0003s ]

[ 2019-03-16T15:00:28+08:00 ] ::1 /tic/?m=friend&c=friend&a=search_user
INFO: [ app_init ] --START--
INFO: Run Behavior\BuildLiteBehavior [ RunTime:0.000010s ]
INFO: [ app_init ] --END-- [ RunTime:0.000420s ]
INFO: [ app_begin ] --START--
INFO: Run Behavior\ReadHtmlCacheBehavior [ RunTime:0.000722s ]
INFO: [ app_begin ] --END-- [ RunTime:0.000756s ]

[ 2019-03-16T15:01:20+08:00 ] ::1 /tic/?m=friend&c=friend&a=search_user
INFO: [ app_init ] --START--
INFO: Run Behavior\BuildLiteBehavior [ RunTime:0.000009s ]
INFO: [ app_init ] --END-- [ RunTime:0.000369s ]
INFO: [ app_begin ] --START--
INFO: Run Behavior\ReadHtmlCacheBehavior [ RunTime:0.000666s ]
INFO: [ app_begin ] --END-- [ RunTime:0.000703s ]
NOTIC: [2048] Declaration of Common\Model\UserModel::add() should be compatible with Think\Model::add($data = '', $options = Array, $replace = false) E:\phpstudy\WWW\tic\Application\Common\Model\UserModel.class.php 第 11 行.
SQL: SHOW COLUMNS FROM `user` [ RunTime:0.0127s ]
NOTIC: [8] Undefined variable: _db E:\phpstudy\WWW\tic\Application\Common\Model\UserModel.class.php 第 15 行.
NOTIC: [8] Undefined variable: _db E:\phpstudy\WWW\tic\Application\Common\Model\UserModel.class.php 第 55 行.
NOTIC: [8] Undefined variable: userid E:\phpstudy\WWW\tic\Application\Common\Model\UserModel.class.php 第 55 行.
SQL: SELECT `id`,`account`,`email`,`nickname`,`sex`,`portrait`,`score`,`province`,`city`,`phone`,`birthday`,`constellation`,`describe`,`createtimes` FROM `user` WHERE ( account LIKE '%wendy%' OR nickname LIKE '%%' )  [ RunTime:0.0003s ]
NOTIC: [8] Undefined variable: model E:\phpstudy\WWW\tic\Application\Common\Model\UserModel.class.php 第 59 行.

[ 2019-03-16T15:02:20+08:00 ] ::1 /tic/?m=friend&c=friend&a=search_user
INFO: [ app_init ] --START--
INFO: Run Behavior\BuildLiteBehavior [ RunTime:0.000010s ]
INFO: [ app_init ] --END-- [ RunTime:0.000378s ]
INFO: [ app_begin ] --START--
INFO: Run Behavior\ReadHtmlCacheBehavior [ RunTime:0.000783s ]
INFO: [ app_begin ] --END-- [ RunTime:0.000817s ]
NOTIC: [2048] Declaration of Common\Model\UserModel::add() should be compatible with Think\Model::add($data = '', $options = Array, $replace = false) E:\phpstudy\WWW\tic\Application\Common\Model\UserModel.class.php 第 11 行.
SQL: SHOW COLUMNS FROM `user` [ RunTime:0.0130s ]
NOTIC: [8] Undefined variable: _db E:\phpstudy\WWW\tic\Application\Common\Model\UserModel.class.php 第 15 行.
NOTIC: [8] Undefined variable: _db E:\phpstudy\WWW\tic\Application\Common\Model\UserModel.class.php 第 55 行.
NOTIC: [8] Undefined variable: userid E:\phpstudy\WWW\tic\Application\Common\Model\UserModel.class.php 第 55 行.
SQL: SELECT `id`,`account`,`email`,`nickname`,`sex`,`portrait`,`score`,`province`,`city`,`phone`,`birthday`,`constellation`,`describe`,`createtimes` FROM `user` WHERE ( account LIKE '%wendy%' OR nickname LIKE '%%' )  [ RunTime:0.0003s ]
NOTIC: [8] Undefined variable: _db E:\phpstudy\WWW\tic\Application\Common\Model\UserModel.class.php 第 59 行.

[ 2019-03-16T15:03:00+08:00 ] ::1 /tic/?m=friend&c=friend&a=search_user
INFO: [ app_init ] --START--
INFO: Run Behavior\BuildLiteBehavior [ RunTime:0.000010s ]
INFO: [ app_init ] --END-- [ RunTime:0.000311s ]
INFO: [ app_begin ] --START--
INFO: Run Behavior\ReadHtmlCacheBehavior [ RunTime:0.000444s ]
INFO: [ app_begin ] --END-- [ RunTime:0.000477s ]
NOTIC: [2048] Declaration of Common\Model\UserModel::add() should be compatible with Think\Model::add($data = '', $options = Array, $replace = false) E:\phpstudy\WWW\tic\Application\Common\Model\UserModel.class.php 第 11 行.
SQL: SHOW COLUMNS FROM `user` [ RunTime:0.0126s ]
NOTIC: [8] Undefined variable: _db E:\phpstudy\WWW\tic\Application\Common\Model\UserModel.class.php 第 15 行.
NOTIC: [8] Undefined variable: _db E:\phpstudy\WWW\tic\Application\Common\Model\UserModel.class.php 第 55 行.
SQL: SELECT `id`,`account`,`email`,`nickname`,`sex`,`portrait`,`score`,`province`,`city`,`phone`,`birthday`,`constellation`,`describe`,`createtimes` FROM `user` WHERE ( account LIKE '%wendy%' OR nickname LIKE '%wendy%' )  [ RunTime:0.0003s ]

[ 2019-03-16T15:03:08+08:00 ] ::1 /tic/?m=friend&c=friend&a=search_user
INFO: [ app_init ] --START--
INFO: Run Behavior\BuildLiteBehavior [ RunTime:0.000011s ]
INFO: [ app_init ] --END-- [ RunTime:0.000389s ]
INFO: [ app_begin ] --START--
INFO: Run Behavior\ReadHtmlCacheBehavior [ RunTime:0.000724s ]
INFO: [ app_begin ] --END-- [ RunTime:0.000758s ]
NOTIC: [2048] Declaration of Common\Model\UserModel::add() should be compatible with Think\Model::add($data = '', $options = Array, $replace = false) E:\phpstudy\WWW\tic\Application\Common\Model\UserModel.class.php 第 11 行.
SQL: SHOW COLUMNS FROM `user` [ RunTime:0.0133s ]
NOTIC: [8] Undefined variable: _db E:\phpstudy\WWW\tic\Application\Common\Model\UserModel.class.php 第 15 行.
NOTIC: [8] Undefined variable: _db E:\phpstudy\WWW\tic\Application\Common\Model\UserModel.class.php 第 55 行.
SQL: SELECT `id`,`account`,`email`,`nickname`,`sex`,`portrait`,`score`,`province`,`city`,`phone`,`birthday`,`constellation`,`describe`,`createtimes` FROM `user` WHERE ( account LIKE '%w%' OR nickname LIKE '%w%' )  [ RunTime:0.0004s ]

[ 2019-03-16T15:03:46+08:00 ] ::1 /tic/?m=friend&c=friend&a=search_user
INFO: [ app_init ] --START--
INFO: Run Behavior\BuildLiteBehavior [ RunTime:0.000010s ]
INFO: [ app_init ] --END-- [ RunTime:0.000375s ]
INFO: [ app_begin ] --START--
INFO: Run Behavior\ReadHtmlCacheBehavior [ RunTime:0.000716s ]
INFO: [ app_begin ] --END-- [ RunTime:0.000749s ]
NOTIC: [2048] Declaration of Common\Model\UserModel::add() should be compatible with Think\Model::add($data = '', $options = Array, $replace = false) E:\phpstudy\WWW\tic\Application\Common\Model\UserModel.class.php 第 11 行.
SQL: SHOW COLUMNS FROM `user` [ RunTime:0.0120s ]
NOTIC: [8] Undefined variable: _db E:\phpstudy\WWW\tic\Application\Common\Model\UserModel.class.php 第 15 行.
NOTIC: [8] Undefined variable: _db E:\phpstudy\WWW\tic\Application\Common\Model\UserModel.class.php 第 55 行.
SQL: SELECT `id`,`account`,`email`,`nickname`,`sex`,`portrait`,`score`,`province`,`city`,`phone`,`birthday`,`constellation`,`describe`,`createtimes` FROM `user` WHERE ( account LIKE '%610729607%' OR nickname LIKE '%610729607%' )  [ RunTime:0.0003s ]

[ 2019-03-16T15:27:56+08:00 ] ::1 /tic/?m=friend&c=friend&a=add_approval
INFO: [ app_init ] --START--
INFO: Run Behavior\BuildLiteBehavior [ RunTime:0.000012s ]
INFO: [ app_init ] --END-- [ RunTime:0.000413s ]
INFO: [ app_begin ] --START--
INFO: Run Behavior\ReadHtmlCacheBehavior [ RunTime:0.000636s ]
INFO: [ app_begin ] --END-- [ RunTime:0.000671s ]
NOTIC: [2048] Declaration of Common\Model\ApprovalModel::add() should be compatible with Think\Model::add($data = '', $options = Array, $replace = false) E:\phpstudy\WWW\tic\Application\Common\Model\ApprovalModel.class.php 第 6 行.
SQL: SHOW COLUMNS FROM `approval` [ RunTime:0.0132s ]
NOTIC: [8] Undefined variable: _db E:\phpstudy\WWW\tic\Application\Common\Model\ApprovalModel.class.php 第 10 行.
NOTIC: [8] Undefined variable: _db E:\phpstudy\WWW\tic\Application\Common\Model\ApprovalModel.class.php 第 27 行.
SQL: SELECT * FROM `approval` WHERE `userid` = '610729607' AND `approvalid` = '903452785' AND `isread` <> 4 LIMIT 1   [ RunTime:0.0002s ]
NOTIC: [8] Undefined variable: _db E:\phpstudy\WWW\tic\Application\Common\Model\ApprovalModel.class.php 第 21 行.
SQL: INSERT INTO `approval` (`userid`,`approvalid`,`id`,`createtime`,`createtimes`,`status`) VALUES ('610729607','903452785','94ca241f-1b08-b01c-ab10-da63d89d0979','1552721276','2019-03-16 15:27:56','1') [ RunTime:0.0003s ]

[ 2019-03-16T15:28:38+08:00 ] ::1 /tic/?m=friend&c=friend&a=add_approval
INFO: [ app_init ] --START--
INFO: Run Behavior\BuildLiteBehavior [ RunTime:0.000010s ]
INFO: [ app_init ] --END-- [ RunTime:0.000404s ]
INFO: [ app_begin ] --START--
INFO: Run Behavior\ReadHtmlCacheBehavior [ RunTime:0.000857s ]
INFO: [ app_begin ] --END-- [ RunTime:0.000895s ]
NOTIC: [2048] Declaration of Common\Model\ApprovalModel::add() should be compatible with Think\Model::add($data = '', $options = Array, $replace = false) E:\phpstudy\WWW\tic\Application\Common\Model\ApprovalModel.class.php 第 6 行.
SQL: SHOW COLUMNS FROM `approval` [ RunTime:0.0117s ]
NOTIC: [8] Undefined variable: _db E:\phpstudy\WWW\tic\Application\Common\Model\ApprovalModel.class.php 第 10 行.
NOTIC: [8] Undefined variable: _db E:\phpstudy\WWW\tic\Application\Common\Model\ApprovalModel.class.php 第 28 行.
SQL: SELECT * FROM `approval` WHERE `userid` = '610729607' AND `approvalid` = '903452785' AND `isread` <> 4 LIMIT 1   [ RunTime:0.0002s ]

[ 2019-03-16T15:29:50+08:00 ] ::1 /tic/?m=friend&c=friend&a=add_approval
INFO: [ app_init ] --START--
INFO: Run Behavior\BuildLiteBehavior [ RunTime:0.000014s ]
INFO: [ app_init ] --END-- [ RunTime:0.000361s ]
INFO: [ app_begin ] --START--
INFO: Run Behavior\ReadHtmlCacheBehavior [ RunTime:0.000477s ]
INFO: [ app_begin ] --END-- [ RunTime:0.000519s ]
NOTIC: [2048] Declaration of Common\Model\ApprovalModel::add() should be compatible with Think\Model::add($data = '', $options = Array, $replace = false) E:\phpstudy\WWW\tic\Application\Common\Model\ApprovalModel.class.php 第 6 行.
SQL: SHOW COLUMNS FROM `approval` [ RunTime:0.0117s ]
NOTIC: [8] Undefined variable: _db E:\phpstudy\WWW\tic\Application\Common\Model\ApprovalModel.class.php 第 10 行.
NOTIC: [8] Undefined variable: _db E:\phpstudy\WWW\tic\Application\Common\Model\ApprovalModel.class.php 第 28 行.
SQL: SELECT * FROM `approval` WHERE `userid` = 'e752ea4e-f57c-3c04-333c-21310ae145e7' AND `approvalid` = 'de82c1d5-ad3b-2ebb-5681-0cc0770c6561' AND `isread` <> 4 LIMIT 1   [ RunTime:0.0002s ]
NOTIC: [8] Undefined variable: _db E:\phpstudy\WWW\tic\Application\Common\Model\ApprovalModel.class.php 第 22 行.
SQL: INSERT INTO `approval` (`userid`,`approvalid`,`id`,`createtime`,`createtimes`,`isread`,`status`) VALUES ('e752ea4e-f57c-3c04-333c-21310ae145e7','de82c1d5-ad3b-2ebb-5681-0cc0770c6561','a9e25c79-9155-ac86-f936-d391a497a261','1552721390','2019-03-16 15:29:50','1','1') [ RunTime:0.0002s ]

[ 2019-03-16T15:30:03+08:00 ] ::1 /tic/?m=friend&c=friend&a=add_approval
INFO: [ app_init ] --START--
INFO: Run Behavior\BuildLiteBehavior [ RunTime:0.000011s ]
INFO: [ app_init ] --END-- [ RunTime:0.000423s ]
INFO: [ app_begin ] --START--
INFO: Run Behavior\ReadHtmlCacheBehavior [ RunTime:0.000797s ]
INFO: [ app_begin ] --END-- [ RunTime:0.000837s ]
NOTIC: [2048] Declaration of Common\Model\ApprovalModel::add() should be compatible with Think\Model::add($data = '', $options = Array, $replace = false) E:\phpstudy\WWW\tic\Application\Common\Model\ApprovalModel.class.php 第 6 行.
SQL: SHOW COLUMNS FROM `approval` [ RunTime:0.0126s ]
NOTIC: [8] Undefined variable: _db E:\phpstudy\WWW\tic\Application\Common\Model\ApprovalModel.class.php 第 10 行.
NOTIC: [8] Undefined variable: _db E:\phpstudy\WWW\tic\Application\Common\Model\ApprovalModel.class.php 第 28 行.
SQL: SELECT * FROM `approval` WHERE `userid` = 'e752ea4e-f57c-3c04-333c-21310ae145e7' AND `approvalid` = 'de82c1d5-ad3b-2ebb-5681-0cc0770c6561' AND `isread` <> 4 LIMIT 1   [ RunTime:0.0002s ]

[ 2019-03-16T15:30:15+08:00 ] ::1 /tic/?m=friend&c=friend&a=add_approval
INFO: [ app_init ] --START--
INFO: Run Behavior\BuildLiteBehavior [ RunTime:0.000010s ]
INFO: [ app_init ] --END-- [ RunTime:0.000382s ]
INFO: [ app_begin ] --START--
INFO: Run Behavior\ReadHtmlCacheBehavior [ RunTime:0.000637s ]
INFO: [ app_begin ] --END-- [ RunTime:0.000673s ]
NOTIC: [2048] Declaration of Common\Model\ApprovalModel::add() should be compatible with Think\Model::add($data = '', $options = Array, $replace = false) E:\phpstudy\WWW\tic\Application\Common\Model\ApprovalModel.class.php 第 6 行.
SQL: SHOW COLUMNS FROM `approval` [ RunTime:0.0119s ]
NOTIC: [8] Undefined variable: _db E:\phpstudy\WWW\tic\Application\Common\Model\ApprovalModel.class.php 第 10 行.
NOTIC: [8] Undefined variable: _db E:\phpstudy\WWW\tic\Application\Common\Model\ApprovalModel.class.php 第 28 行.
SQL: SELECT * FROM `approval` WHERE `userid` = 'e752ea4e-f57c-3c04-333c-21310ae145e7' AND `approvalid` = 'de82c1d5-ad3b-2ebb-5681-0cc0770c6561' AND `isread` <> 4 LIMIT 1   [ RunTime:0.0002s ]
NOTIC: [8] Undefined variable: _db E:\phpstudy\WWW\tic\Application\Common\Model\ApprovalModel.class.php 第 22 行.
SQL: INSERT INTO `approval` (`userid`,`approvalid`,`id`,`createtime`,`createtimes`,`isread`,`status`) VALUES ('e752ea4e-f57c-3c04-333c-21310ae145e7','de82c1d5-ad3b-2ebb-5681-0cc0770c6561','8d469e86-a8ac-ee7e-013f-cd3f707e6f5e','1552721415','2019-03-16 15:30:15','1','1') [ RunTime:0.0001s ]

[ 2019-03-16T15:39:18+08:00 ] ::1 /tic/?m=friend&c=friend&a=add_approval
INFO: [ app_init ] --START--
INFO: Run Behavior\BuildLiteBehavior [ RunTime:0.000010s ]
INFO: [ app_init ] --END-- [ RunTime:0.000382s ]
INFO: [ app_begin ] --START--
INFO: Run Behavior\ReadHtmlCacheBehavior [ RunTime:0.000802s ]
INFO: [ app_begin ] --END-- [ RunTime:0.000837s ]
SQL: SHOW COLUMNS FROM `friend` [ RunTime:0.0111s ]
NOTIC: [8] Undefined variable: _db E:\phpstudy\WWW\tic\Application\Common\Model\FriendModel.class.php 第 10 行.
NOTIC: [8] Undefined variable: _db E:\phpstudy\WWW\tic\Application\Common\Model\FriendModel.class.php 第 23 行.
SQL: SELECT * FROM `friend` WHERE `userid` = 'de82c1d5-ad3b-2ebb-5681-0cc0770c6561' AND `friendid` = 'e752ea4e-f57c-3c04-333c-21310ae145e7' LIMIT 1   [ RunTime:0.0003s ]

[ 2019-03-16T15:39:30+08:00 ] ::1 /tic/?m=friend&c=friend&a=add_approval
INFO: [ app_init ] --START--
INFO: Run Behavior\BuildLiteBehavior [ RunTime:0.000009s ]
INFO: [ app_init ] --END-- [ RunTime:0.000381s ]
INFO: [ app_begin ] --START--
INFO: Run Behavior\ReadHtmlCacheBehavior [ RunTime:0.000632s ]
INFO: [ app_begin ] --END-- [ RunTime:0.000667s ]
SQL: SHOW COLUMNS FROM `friend` [ RunTime:0.0115s ]
NOTIC: [8] Undefined variable: _db E:\phpstudy\WWW\tic\Application\Common\Model\FriendModel.class.php 第 10 行.
NOTIC: [8] Undefined variable: _db E:\phpstudy\WWW\tic\Application\Common\Model\FriendModel.class.php 第 23 行.
SQL: SELECT * FROM `friend` WHERE `userid` = 'de82c1d5-ad3b-2ebb-5681-0cc0770c6561' AND `friendid` = 'e752ea4e-f57c-3c04-333c-21310ae145e7' LIMIT 1   [ RunTime:0.0002s ]
NOTIC: [2048] Declaration of Common\Model\ApprovalModel::add() should be compatible with Think\Model::add($data = '', $options = Array, $replace = false) E:\phpstudy\WWW\tic\Application\Common\Model\ApprovalModel.class.php 第 30 行.
SQL: SHOW COLUMNS FROM `approval` [ RunTime:0.0084s ]
NOTIC: [8] Undefined variable: _db E:\phpstudy\WWW\tic\Application\Common\Model\ApprovalModel.class.php 第 10 行.
NOTIC: [8] Undefined variable: _db E:\phpstudy\WWW\tic\Application\Common\Model\ApprovalModel.class.php 第 28 行.
SQL: SELECT * FROM `approval` WHERE `userid` = 'e752ea4e-f57c-3c04-333c-21310ae145e7' AND `approvalid` = 'de82c1d5-ad3b-2ebb-5681-0cc0770c6561' AND `isread` <> 4 LIMIT 1   [ RunTime:0.0002s ]

[ 2019-03-16T15:45:07+08:00 ] ::1 /tic/?m=friend&c=friend&a=isRead
INFO: [ app_init ] --START--
INFO: Run Behavior\BuildLiteBehavior [ RunTime:0.000009s ]
INFO: [ app_init ] --END-- [ RunTime:0.000374s ]
INFO: [ app_begin ] --START--
INFO: Run Behavior\ReadHtmlCacheBehavior [ RunTime:0.000850s ]
INFO: [ app_begin ] --END-- [ RunTime:0.000890s ]

[ 2019-03-16T15:45:26+08:00 ] ::1 /tic/?m=friend&c=friend&a=isRead
INFO: [ app_init ] --START--
INFO: Run Behavior\BuildLiteBehavior [ RunTime:0.000011s ]
INFO: [ app_init ] --END-- [ RunTime:0.000381s ]
INFO: [ app_begin ] --START--
INFO: Run Behavior\ReadHtmlCacheBehavior [ RunTime:0.000648s ]
INFO: [ app_begin ] --END-- [ RunTime:0.000684s ]
NOTIC: [2048] Declaration of Common\Model\ApprovalModel::add() should be compatible with Think\Model::add($data = '', $options = Array, $replace = false) E:\phpstudy\WWW\tic\Application\Common\Model\ApprovalModel.class.php 第 6 行.
SQL: SHOW COLUMNS FROM `approval` [ RunTime:0.0119s ]
NOTIC: [8] Undefined variable: _db E:\phpstudy\WWW\tic\Application\Common\Model\ApprovalModel.class.php 第 10 行.
NOTIC: [8] Undefined variable: _db E:\phpstudy\WWW\tic\Application\Common\Model\ApprovalModel.class.php 第 33 行.
SQL: UPDATE `approval` SET `isread`='2' WHERE `id` = '8d469e86-a8ac-ee7e-013f-cd3f707e6f5e' [ RunTime:0.0002s ]

[ 2019-03-16T15:48:44+08:00 ] ::1 /tic/?m=friend&c=friend&a=addFriend
INFO: [ app_init ] --START--
INFO: Run Behavior\BuildLiteBehavior [ RunTime:0.000012s ]
INFO: [ app_init ] --END-- [ RunTime:0.000397s ]
INFO: [ app_begin ] --START--
INFO: Run Behavior\ReadHtmlCacheBehavior [ RunTime:0.000803s ]
INFO: [ app_begin ] --END-- [ RunTime:0.000838s ]
SQL: SHOW COLUMNS FROM `friend` [ RunTime:0.0121s ]
NOTIC: [8] Undefined variable: _db E:\phpstudy\WWW\tic\Application\Common\Model\FriendModel.class.php 第 10 行.
NOTIC: [8] Undefined variable: _db E:\phpstudy\WWW\tic\Application\Common\Model\FriendModel.class.php 第 25 行.
SQL: SELECT * FROM `friend` WHERE `userid` = 'de82c1d5-ad3b-2ebb-5681-0cc0770c6561' AND `friendid` = 'e752ea4e-f57c-3c04-333c-21310ae145e7' LIMIT 1   [ RunTime:0.0003s ]
NOTIC: [8] Undefined variable: _db E:\phpstudy\WWW\tic\Application\Common\Model\FriendModel.class.php 第 19 行.
SQL: INSERT INTO `friend` (`id`,`userid`,`friendid`,`createtime`,`createtimes`,`status`) VALUES ('fb9cc53e-6c34-b83b-a10b-e10f1df7c4d1','de82c1d5-ad3b-2ebb-5681-0cc0770c6561','e752ea4e-f57c-3c04-333c-21310ae145e7','1552722524','2019-03-16 15:48:44','1') [ RunTime:0.0388s ]

[ 2019-03-16T15:48:47+08:00 ] ::1 /tic/?m=friend&c=friend&a=addFriend
INFO: [ app_init ] --START--
INFO: Run Behavior\BuildLiteBehavior [ RunTime:0.000011s ]
INFO: [ app_init ] --END-- [ RunTime:0.000391s ]
INFO: [ app_begin ] --START--
INFO: Run Behavior\ReadHtmlCacheBehavior [ RunTime:0.000723s ]
INFO: [ app_begin ] --END-- [ RunTime:0.000761s ]
SQL: SHOW COLUMNS FROM `friend` [ RunTime:0.0115s ]
NOTIC: [8] Undefined variable: _db E:\phpstudy\WWW\tic\Application\Common\Model\FriendModel.class.php 第 10 行.
NOTIC: [8] Undefined variable: _db E:\phpstudy\WWW\tic\Application\Common\Model\FriendModel.class.php 第 25 行.
SQL: SELECT * FROM `friend` WHERE `userid` = 'de82c1d5-ad3b-2ebb-5681-0cc0770c6561' AND `friendid` = 'e752ea4e-f57c-3c04-333c-21310ae145e7' LIMIT 1   [ RunTime:0.0002s ]

[ 2019-03-16T15:50:42+08:00 ] ::1 /tic/?m=friend&c=friend&a=add_approval
INFO: [ app_init ] --START--
INFO: Run Behavior\BuildLiteBehavior [ RunTime:0.000010s ]
INFO: [ app_init ] --END-- [ RunTime:0.000389s ]
INFO: [ app_begin ] --START--
INFO: Run Behavior\ReadHtmlCacheBehavior [ RunTime:0.000646s ]
INFO: [ app_begin ] --END-- [ RunTime:0.000684s ]
SQL: SHOW COLUMNS FROM `friend` [ RunTime:0.0111s ]
NOTIC: [8] Undefined variable: _db E:\phpstudy\WWW\tic\Application\Common\Model\FriendModel.class.php 第 10 行.
NOTIC: [8] Undefined variable: _db E:\phpstudy\WWW\tic\Application\Common\Model\FriendModel.class.php 第 25 行.
SQL: SELECT * FROM `friend` WHERE `userid` = 'de82c1d5-ad3b-2ebb-5681-0cc0770c6561' AND `friendid` = 'e752ea4e-f57c-3c04-333c-21310ae145e7' LIMIT 1   [ RunTime:0.0002s ]

[ 2019-03-16T15:50:47+08:00 ] ::1 /tic/?m=friend&c=friend&a=add_approval
INFO: [ app_init ] --START--
INFO: Run Behavior\BuildLiteBehavior [ RunTime:0.000012s ]
INFO: [ app_init ] --END-- [ RunTime:0.000409s ]
INFO: [ app_begin ] --START--
INFO: Run Behavior\ReadHtmlCacheBehavior [ RunTime:0.000832s ]
INFO: [ app_begin ] --END-- [ RunTime:0.000872s ]
SQL: SHOW COLUMNS FROM `friend` [ RunTime:0.0112s ]
NOTIC: [8] Undefined variable: _db E:\phpstudy\WWW\tic\Application\Common\Model\FriendModel.class.php 第 10 行.
NOTIC: [8] Undefined variable: _db E:\phpstudy\WWW\tic\Application\Common\Model\FriendModel.class.php 第 25 行.
SQL: SELECT * FROM `friend` WHERE `userid` = 'de82c1d5-ad3b-2ebb-5681-0cc0770c6561' AND `friendid` = 'e752ea4e-f57c-3c04-333c-21310ae145e7' LIMIT 1   [ RunTime:0.0002s ]
NOTIC: [2048] Declaration of Common\Model\ApprovalModel::add() should be compatible with Think\Model::add($data = '', $options = Array, $replace = false) E:\phpstudy\WWW\tic\Application\Common\Model\ApprovalModel.class.php 第 35 行.
SQL: SHOW COLUMNS FROM `approval` [ RunTime:0.0079s ]
NOTIC: [8] Undefined variable: _db E:\phpstudy\WWW\tic\Application\Common\Model\ApprovalModel.class.php 第 10 行.
NOTIC: [8] Undefined variable: _db E:\phpstudy\WWW\tic\Application\Common\Model\ApprovalModel.class.php 第 28 行.
SQL: SELECT * FROM `approval` WHERE `userid` = 'de82c1d5-ad3b-2ebb-5681-0cc0770c6561' AND `approvalid` = 'e752ea4e-f57c-3c04-333c-21310ae145e7' AND `isread` <> 4 LIMIT 1   [ RunTime:0.0002s ]
NOTIC: [8] Undefined variable: _db E:\phpstudy\WWW\tic\Application\Common\Model\ApprovalModel.class.php 第 22 行.
SQL: INSERT INTO `approval` (`userid`,`approvalid`,`id`,`createtime`,`createtimes`,`isread`,`status`) VALUES ('de82c1d5-ad3b-2ebb-5681-0cc0770c6561','e752ea4e-f57c-3c04-333c-21310ae145e7','2073356c-c8f1-05fe-6702-7c6b9678c147','1552722647','2019-03-16 15:50:47','1','1') [ RunTime:0.0001s ]

[ 2019-03-16T15:55:08+08:00 ] ::1 /tic/?m=friend&c=friend&a=addFriend
INFO: [ app_init ] --START--
INFO: Run Behavior\BuildLiteBehavior [ RunTime:0.000012s ]
INFO: [ app_init ] --END-- [ RunTime:0.000383s ]
INFO: [ app_begin ] --START--
INFO: Run Behavior\ReadHtmlCacheBehavior [ RunTime:0.000692s ]
INFO: [ app_begin ] --END-- [ RunTime:0.000736s ]
SQL: SHOW COLUMNS FROM `friend` [ RunTime:0.0145s ]
NOTIC: [8] Undefined variable: _db E:\phpstudy\WWW\tic\Application\Common\Model\FriendModel.class.php 第 10 行.
NOTIC: [8] Undefined variable: _db E:\phpstudy\WWW\tic\Application\Common\Model\FriendModel.class.php 第 25 行.
SQL: SELECT * FROM `friend` WHERE `userid` = 'de82c1d5-ad3b-2ebb-5681-0cc0770c6561' AND `friendid` = 'e752ea4e-f57c-3c04-333c-21310ae145e7' LIMIT 1   [ RunTime:0.0002s ]
NOTIC: [8] Undefined variable: _db E:\phpstudy\WWW\tic\Application\Common\Model\FriendModel.class.php 第 19 行.
SQL: INSERT INTO `friend` (`id`,`userid`,`friendid`,`createtime`,`createtimes`,`status`) VALUES ('a86a244f-383d-b1ac-d53a-1fed5709d329','de82c1d5-ad3b-2ebb-5681-0cc0770c6561','e752ea4e-f57c-3c04-333c-21310ae145e7','1552722908','2019-03-16 15:55:08','1') [ RunTime:0.0300s ]
NOTIC: [2048] Declaration of Common\Model\ApprovalModel::add() should be compatible with Think\Model::add($data = '', $options = Array, $replace = false) E:\phpstudy\WWW\tic\Application\Common\Model\ApprovalModel.class.php 第 40 行.
SQL: SHOW COLUMNS FROM `approval` [ RunTime:0.0083s ]
NOTIC: [8] Undefined variable: _db E:\phpstudy\WWW\tic\Application\Common\Model\ApprovalModel.class.php 第 10 行.
NOTIC: [8] Undefined variable: _db E:\phpstudy\WWW\tic\Application\Common\Model\ApprovalModel.class.php 第 38 行.
SQL: UPDATE `approval` SET `isread`='3' WHERE `id` = '2073356c-c8f1-05fe-6702-7c6b9678c147' [ RunTime:0.0002s ]

[ 2019-03-16T15:56:05+08:00 ] ::1 /tic/?m=friend&c=friend&a=get_approval_list
INFO: [ app_init ] --START--
INFO: Run Behavior\BuildLiteBehavior [ RunTime:0.000011s ]
INFO: [ app_init ] --END-- [ RunTime:0.000382s ]
INFO: [ app_begin ] --START--
INFO: Run Behavior\ReadHtmlCacheBehavior [ RunTime:0.000806s ]
INFO: [ app_begin ] --END-- [ RunTime:0.000845s ]
NOTIC: [2048] Declaration of Common\Model\ApprovalModel::add() should be compatible with Think\Model::add($data = '', $options = Array, $replace = false) E:\phpstudy\WWW\tic\Application\Common\Model\ApprovalModel.class.php 第 6 行.
SQL: SHOW COLUMNS FROM `approval` [ RunTime:0.0147s ]
NOTIC: [8] Undefined variable: _db E:\phpstudy\WWW\tic\Application\Common\Model\ApprovalModel.class.php 第 10 行.
NOTIC: [8] Undefined variable: _db E:\phpstudy\WWW\tic\Application\Common\Model\ApprovalModel.class.php 第 14 行.
SQL: SELECT * FROM `approval` WHERE `id` = 'de82c1d5-ad3b-2ebb-5681-0cc0770c6561'  [ RunTime:0.0002s ]

[ 2019-03-16T15:58:21+08:00 ] ::1 /tic/?m=friend&c=friend&a=get_approval_list
INFO: [ app_init ] --START--
INFO: Run Behavior\BuildLiteBehavior [ RunTime:0.000011s ]
INFO: [ app_init ] --END-- [ RunTime:0.000381s ]
INFO: [ app_begin ] --START--
INFO: Run Behavior\ReadHtmlCacheBehavior [ RunTime:0.000646s ]
INFO: [ app_begin ] --END-- [ RunTime:0.000684s ]
NOTIC: [2048] Declaration of Common\Model\ApprovalModel::add() should be compatible with Think\Model::add($data = '', $options = Array, $replace = false) E:\phpstudy\WWW\tic\Application\Common\Model\ApprovalModel.class.php 第 6 行.
SQL: SHOW COLUMNS FROM `approval` [ RunTime:0.0117s ]
NOTIC: [8] Undefined variable: _db E:\phpstudy\WWW\tic\Application\Common\Model\ApprovalModel.class.php 第 10 行.
NOTIC: [8] Undefined variable: _db E:\phpstudy\WWW\tic\Application\Common\Model\ApprovalModel.class.php 第 14 行.
SQL: SELECT * FROM `approval` WHERE `userid` = 'de82c1d5-ad3b-2ebb-5681-0cc0770c6561'  [ RunTime:0.0002s ]

[ 2019-03-16T16:09:04+08:00 ] ::1 /tic/?m=friend&c=friend&a=get_approval_list
INFO: [ app_init ] --START--
INFO: Run Behavior\BuildLiteBehavior [ RunTime:0.000010s ]
INFO: [ app_init ] --END-- [ RunTime:0.000393s ]
INFO: [ app_begin ] --START--
INFO: Run Behavior\ReadHtmlCacheBehavior [ RunTime:0.000795s ]
INFO: [ app_begin ] --END-- [ RunTime:0.000832s ]
NOTIC: [2048] Declaration of Common\Model\ApprovalModel::add() should be compatible with Think\Model::add($data = '', $options = Array, $replace = false) E:\phpstudy\WWW\tic\Application\Common\Model\ApprovalModel.class.php 第 6 行.
SQL: SHOW COLUMNS FROM `approval` [ RunTime:0.0132s ]
NOTIC: [8] Undefined variable: _db E:\phpstudy\WWW\tic\Application\Common\Model\ApprovalModel.class.php 第 10 行.
ERR: 1064:You have an error in your SQL syntax; check the manual that corresponds to your MySQL server version for the right syntax to use near 'describe,a.id as apprvoalid
            from approval a
            left join ' at line 4
 [ SQL语句 ] : select 
            u.id as userid,account,email,nickname,sex,portrait,
            score,province,city,phone,birthday,constellation,
            describe,a.id as apprvoalid
            from approval a
            left join user u a.approvalid = u.id
            where a.userid = 'de82c1d5-ad3b-2ebb-5681-0cc0770c6561'
ERR: 1064:You have an error in your SQL syntax; check the manual that corresponds to your MySQL server version for the right syntax to use near 'describe,a.id as apprvoalid
            from approval a
            left join ' at line 4
 [ SQL语句 ] : select 
            u.id as userid,account,email,nickname,sex,portrait,
            score,province,city,phone,birthday,constellation,
            describe,a.id as apprvoalid
            from approval a
            left join user u a.approvalid = u.id
            where a.userid = 'de82c1d5-ad3b-2ebb-5681-0cc0770c6561'

[ 2019-03-16T16:10:29+08:00 ] ::1 /tic/?m=friend&c=friend&a=get_approval_list
INFO: [ app_init ] --START--
INFO: Run Behavior\BuildLiteBehavior [ RunTime:0.000010s ]
INFO: [ app_init ] --END-- [ RunTime:0.000382s ]
INFO: [ app_begin ] --START--
INFO: Run Behavior\ReadHtmlCacheBehavior [ RunTime:0.000665s ]
INFO: [ app_begin ] --END-- [ RunTime:0.000702s ]
NOTIC: [2048] Declaration of Common\Model\ApprovalModel::add() should be compatible with Think\Model::add($data = '', $options = Array, $replace = false) E:\phpstudy\WWW\tic\Application\Common\Model\ApprovalModel.class.php 第 6 行.
SQL: SHOW COLUMNS FROM `approval` [ RunTime:0.0113s ]
NOTIC: [8] Undefined variable: _db E:\phpstudy\WWW\tic\Application\Common\Model\ApprovalModel.class.php 第 10 行.
ERR: 1064:You have an error in your SQL syntax; check the manual that corresponds to your MySQL server version for the right syntax to use near 'a.approvalid = u.id
            where a.userid = 'de82c1d5-ad3b-2ebb-5681-0cc07' at line 6
 [ SQL语句 ] : select 
            u.id as userid,account,email,nickname,sex,portrait,
            score,province,city,phone,birthday,constellation,
            a.id as apprvoalid
            from approval a
            left join user u a.approvalid = u.id
            where a.userid = 'de82c1d5-ad3b-2ebb-5681-0cc0770c6561'
ERR: 1064:You have an error in your SQL syntax; check the manual that corresponds to your MySQL server version for the right syntax to use near 'a.approvalid = u.id
            where a.userid = 'de82c1d5-ad3b-2ebb-5681-0cc07' at line 6
 [ SQL语句 ] : select 
            u.id as userid,account,email,nickname,sex,portrait,
            score,province,city,phone,birthday,constellation,
            a.id as apprvoalid
            from approval a
            left join user u a.approvalid = u.id
            where a.userid = 'de82c1d5-ad3b-2ebb-5681-0cc0770c6561'

[ 2019-03-16T16:10:54+08:00 ] ::1 /tic/?m=friend&c=friend&a=get_approval_list
INFO: [ app_init ] --START--
INFO: Run Behavior\BuildLiteBehavior [ RunTime:0.000013s ]
INFO: [ app_init ] --END-- [ RunTime:0.000341s ]
INFO: [ app_begin ] --START--
INFO: Run Behavior\ReadHtmlCacheBehavior [ RunTime:0.000455s ]
INFO: [ app_begin ] --END-- [ RunTime:0.000499s ]
NOTIC: [2048] Declaration of Common\Model\ApprovalModel::add() should be compatible with Think\Model::add($data = '', $options = Array, $replace = false) E:\phpstudy\WWW\tic\Application\Common\Model\ApprovalModel.class.php 第 6 行.
SQL: SHOW COLUMNS FROM `approval` [ RunTime:0.0114s ]
NOTIC: [8] Undefined variable: _db E:\phpstudy\WWW\tic\Application\Common\Model\ApprovalModel.class.php 第 10 行.
ERR: 1064:You have an error in your SQL syntax; check the manual that corresponds to your MySQL server version for the right syntax to use near 'a.approvalid = u.id
            where a.userid = de82c1d5-ad3b-2ebb-5681-0cc077' at line 6
 [ SQL语句 ] : select 
            u.id as userid,account,email,nickname,sex,portrait,
            score,province,city,phone,birthday,constellation,
            a.id as apprvoalid
            from approval a
            left join user u a.approvalid = u.id
            where a.userid = de82c1d5-ad3b-2ebb-5681-0cc0770c6561
ERR: 1064:You have an error in your SQL syntax; check the manual that corresponds to your MySQL server version for the right syntax to use near 'a.approvalid = u.id
            where a.userid = de82c1d5-ad3b-2ebb-5681-0cc077' at line 6
 [ SQL语句 ] : select 
            u.id as userid,account,email,nickname,sex,portrait,
            score,province,city,phone,birthday,constellation,
            a.id as apprvoalid
            from approval a
            left join user u a.approvalid = u.id
            where a.userid = de82c1d5-ad3b-2ebb-5681-0cc0770c6561

[ 2019-03-16T16:11:04+08:00 ] ::1 /tic/?m=friend&c=friend&a=get_approval_list
INFO: [ app_init ] --START--
INFO: Run Behavior\BuildLiteBehavior [ RunTime:0.000011s ]
INFO: [ app_init ] --END-- [ RunTime:0.000396s ]
INFO: [ app_begin ] --START--
INFO: Run Behavior\ReadHtmlCacheBehavior [ RunTime:0.000742s ]
INFO: [ app_begin ] --END-- [ RunTime:0.000783s ]
NOTIC: [2048] Declaration of Common\Model\ApprovalModel::add() should be compatible with Think\Model::add($data = '', $options = Array, $replace = false) E:\phpstudy\WWW\tic\Application\Common\Model\ApprovalModel.class.php 第 6 行.
SQL: SHOW COLUMNS FROM `approval` [ RunTime:0.0131s ]
NOTIC: [8] Undefined variable: _db E:\phpstudy\WWW\tic\Application\Common\Model\ApprovalModel.class.php 第 10 行.
ERR: 1064:You have an error in your SQL syntax; check the manual that corresponds to your MySQL server version for the right syntax to use near 'a.approvalid = u.id
            where a.userid = 'de82c1d5-ad3b-2ebb-5681-0cc07' at line 6
 [ SQL语句 ] : select 
            u.id as userid,account,email,nickname,sex,portrait,
            score,province,city,phone,birthday,constellation,
            a.id as apprvoalid
            from approval a
            left join user u a.approvalid = u.id
            where a.userid = 'de82c1d5-ad3b-2ebb-5681-0cc0770c6561'
ERR: 1064:You have an error in your SQL syntax; check the manual that corresponds to your MySQL server version for the right syntax to use near 'a.approvalid = u.id
            where a.userid = 'de82c1d5-ad3b-2ebb-5681-0cc07' at line 6
 [ SQL语句 ] : select 
            u.id as userid,account,email,nickname,sex,portrait,
            score,province,city,phone,birthday,constellation,
            a.id as apprvoalid
            from approval a
            left join user u a.approvalid = u.id
            where a.userid = 'de82c1d5-ad3b-2ebb-5681-0cc0770c6561'

[ 2019-03-16T16:13:38+08:00 ] ::1 /tic/?m=friend&c=friend&a=get_approval_list
INFO: [ app_init ] --START--
INFO: Run Behavior\BuildLiteBehavior [ RunTime:0.000011s ]
INFO: [ app_init ] --END-- [ RunTime:0.000393s ]
INFO: [ app_begin ] --START--
INFO: Run Behavior\ReadHtmlCacheBehavior [ RunTime:0.000662s ]
INFO: [ app_begin ] --END-- [ RunTime:0.000699s ]
NOTIC: [2048] Declaration of Common\Model\ApprovalModel::add() should be compatible with Think\Model::add($data = '', $options = Array, $replace = false) E:\phpstudy\WWW\tic\Application\Common\Model\ApprovalModel.class.php 第 6 行.
SQL: SHOW COLUMNS FROM `approval` [ RunTime:0.0127s ]
NOTIC: [8] Undefined variable: _db E:\phpstudy\WWW\tic\Application\Common\Model\ApprovalModel.class.php 第 10 行.
SQL: select 
            u.id as userid,account,email,nickname,sex,portrait,
            score,province,city,phone,birthday,constellation,
            a.id as apprvoalid
            from approval a
            left join user u on (a.approvalid = u.id)
            where a.userid = 'de82c1d5-ad3b-2ebb-5681-0cc0770c6561' [ RunTime:0.0005s ]

[ 2019-03-16T16:14:29+08:00 ] ::1 /tic/?m=friend&c=friend&a=add_approval
INFO: [ app_init ] --START--
INFO: Run Behavior\BuildLiteBehavior [ RunTime:0.000010s ]
INFO: [ app_init ] --END-- [ RunTime:0.000379s ]
INFO: [ app_begin ] --START--
INFO: Run Behavior\ReadHtmlCacheBehavior [ RunTime:0.000789s ]
INFO: [ app_begin ] --END-- [ RunTime:0.000826s ]
SQL: SHOW COLUMNS FROM `friend` [ RunTime:0.0125s ]
NOTIC: [8] Undefined variable: _db E:\phpstudy\WWW\tic\Application\Common\Model\FriendModel.class.php 第 10 行.
NOTIC: [8] Undefined variable: _db E:\phpstudy\WWW\tic\Application\Common\Model\FriendModel.class.php 第 25 行.
SQL: SELECT * FROM `friend` WHERE `userid` = '1d3399f8-6c26-f6d4-0909-2b53ba0199ea' AND `friendid` = 'de82c1d5-ad3b-2ebb-5681-0cc0770c6561' LIMIT 1   [ RunTime:0.0002s ]
NOTIC: [2048] Declaration of Common\Model\ApprovalModel::add() should be compatible with Think\Model::add($data = '', $options = Array, $replace = false) E:\phpstudy\WWW\tic\Application\Common\Model\ApprovalModel.class.php 第 49 行.
SQL: SHOW COLUMNS FROM `approval` [ RunTime:0.0083s ]
NOTIC: [8] Undefined variable: _db E:\phpstudy\WWW\tic\Application\Common\Model\ApprovalModel.class.php 第 10 行.
NOTIC: [8] Undefined variable: _db E:\phpstudy\WWW\tic\Application\Common\Model\ApprovalModel.class.php 第 37 行.
SQL: SELECT * FROM `approval` WHERE `userid` = 'de82c1d5-ad3b-2ebb-5681-0cc0770c6561' AND `approvalid` = '1d3399f8-6c26-f6d4-0909-2b53ba0199ea' LIMIT 1   [ RunTime:0.0001s ]
NOTIC: [8] Undefined variable: _db E:\phpstudy\WWW\tic\Application\Common\Model\ApprovalModel.class.php 第 32 行.
SQL: INSERT INTO `approval` (`userid`,`approvalid`,`id`,`createtime`,`createtimes`,`isread`,`status`) VALUES ('de82c1d5-ad3b-2ebb-5681-0cc0770c6561','1d3399f8-6c26-f6d4-0909-2b53ba0199ea','83233fee-7bb2-0804-94d8-b72f2d3d76f5','1552724069','2019-03-16 16:14:29','1','1') [ RunTime:0.0001s ]

[ 2019-03-16T16:14:42+08:00 ] ::1 /tic/?m=friend&c=friend&a=get_approval_list
INFO: [ app_init ] --START--
INFO: Run Behavior\BuildLiteBehavior [ RunTime:0.000013s ]
INFO: [ app_init ] --END-- [ RunTime:0.000323s ]
INFO: [ app_begin ] --START--
INFO: Run Behavior\ReadHtmlCacheBehavior [ RunTime:0.000439s ]
INFO: [ app_begin ] --END-- [ RunTime:0.000474s ]
NOTIC: [2048] Declaration of Common\Model\ApprovalModel::add() should be compatible with Think\Model::add($data = '', $options = Array, $replace = false) E:\phpstudy\WWW\tic\Application\Common\Model\ApprovalModel.class.php 第 6 行.
SQL: SHOW COLUMNS FROM `approval` [ RunTime:0.0126s ]
NOTIC: [8] Undefined variable: _db E:\phpstudy\WWW\tic\Application\Common\Model\ApprovalModel.class.php 第 10 行.
SQL: select 
            u.id as userid,account,email,nickname,sex,portrait,
            score,province,city,phone,birthday,constellation,
            a.id as apprvoalid
            from approval a
            left join user u on (a.approvalid = u.id)
            where a.userid = 'de82c1d5-ad3b-2ebb-5681-0cc0770c6561' [ RunTime:0.0003s ]

[ 2019-03-16T16:23:51+08:00 ] ::1 /tic/?m=friend&c=friend&a=add_approval
INFO: [ app_init ] --START--
INFO: Run Behavior\BuildLiteBehavior [ RunTime:0.000010s ]
INFO: [ app_init ] --END-- [ RunTime:0.000384s ]
INFO: [ app_begin ] --START--
INFO: Run Behavior\ReadHtmlCacheBehavior [ RunTime:0.000792s ]
INFO: [ app_begin ] --END-- [ RunTime:0.000828s ]
SQL: SHOW COLUMNS FROM `friend` [ RunTime:0.0107s ]
NOTIC: [8] Undefined variable: _db E:\phpstudy\WWW\tic\Application\Common\Model\FriendModel.class.php 第 10 行.
NOTIC: [8] Undefined variable: _db E:\phpstudy\WWW\tic\Application\Common\Model\FriendModel.class.php 第 25 行.
SQL: SELECT * FROM `friend` WHERE `userid` = '1d3399f8-6c26-f6d4-0909-2b53ba0199ea' AND `friendid` = 'de82c1d5-ad3b-2ebb-5681-0cc0770c6561' LIMIT 1   [ RunTime:0.0002s ]
NOTIC: [2048] Declaration of Common\Model\ApprovalModel::add() should be compatible with Think\Model::add($data = '', $options = Array, $replace = false) E:\phpstudy\WWW\tic\Application\Common\Model\ApprovalModel.class.php 第 49 行.
SQL: SHOW COLUMNS FROM `approval` [ RunTime:0.0080s ]
NOTIC: [8] Undefined variable: _db E:\phpstudy\WWW\tic\Application\Common\Model\ApprovalModel.class.php 第 10 行.
NOTIC: [8] Undefined variable: _db E:\phpstudy\WWW\tic\Application\Common\Model\ApprovalModel.class.php 第 37 行.
SQL: SELECT * FROM `approval` WHERE `userid` = '1d3399f8-6c26-f6d4-0909-2b53ba0199ea' AND `approvalid` = 'de82c1d5-ad3b-2ebb-5681-0cc0770c6561' LIMIT 1   [ RunTime:0.0002s ]
NOTIC: [8] Undefined variable: _db E:\phpstudy\WWW\tic\Application\Common\Model\ApprovalModel.class.php 第 32 行.
SQL: INSERT INTO `approval` (`userid`,`approvalid`,`id`,`createtime`,`createtimes`,`isread`,`status`) VALUES ('1d3399f8-6c26-f6d4-0909-2b53ba0199ea','de82c1d5-ad3b-2ebb-5681-0cc0770c6561','a510fa2f-36da-715f-386e-08873c29dca9','1552724631','2019-03-16 16:23:51','1','1') [ RunTime:0.0001s ]

[ 2019-03-16T16:24:34+08:00 ] ::1 /tic/?m=friend&c=friend&a=addFriend
INFO: [ app_init ] --START--
INFO: Run Behavior\BuildLiteBehavior [ RunTime:0.000012s ]
INFO: [ app_init ] --END-- [ RunTime:0.000426s ]
INFO: [ app_begin ] --START--
INFO: Run Behavior\ReadHtmlCacheBehavior [ RunTime:0.000647s ]
INFO: [ app_begin ] --END-- [ RunTime:0.000683s ]
SQL: SHOW COLUMNS FROM `friend` [ RunTime:0.0112s ]
NOTIC: [8] Undefined variable: _db E:\phpstudy\WWW\tic\Application\Common\Model\FriendModel.class.php 第 10 行.
NOTIC: [8] Undefined variable: _db E:\phpstudy\WWW\tic\Application\Common\Model\FriendModel.class.php 第 25 行.
SQL: SELECT * FROM `friend` WHERE `userid` = '1d3399f8-6c26-f6d4-0909-2b53ba0199ea' AND `friendid` = 'de82c1d5-ad3b-2ebb-5681-0cc0770c6561' LIMIT 1   [ RunTime:0.0002s ]
NOTIC: [8] Undefined variable: _db E:\phpstudy\WWW\tic\Application\Common\Model\FriendModel.class.php 第 19 行.
SQL: INSERT INTO `friend` (`id`,`userid`,`friendid`,`createtime`,`createtimes`,`status`) VALUES ('ad62c954-82e7-59bb-cf6d-4926e0e564a0','1d3399f8-6c26-f6d4-0909-2b53ba0199ea','de82c1d5-ad3b-2ebb-5681-0cc0770c6561','1552724674','2019-03-16 16:24:34','1') [ RunTime:0.0296s ]
NOTIC: [2048] Declaration of Common\Model\ApprovalModel::add() should be compatible with Think\Model::add($data = '', $options = Array, $replace = false) E:\phpstudy\WWW\tic\Application\Common\Model\ApprovalModel.class.php 第 49 行.
SQL: SHOW COLUMNS FROM `approval` [ RunTime:0.0086s ]
NOTIC: [8] Undefined variable: _db E:\phpstudy\WWW\tic\Application\Common\Model\ApprovalModel.class.php 第 10 行.
NOTIC: [8] Undefined variable: _db E:\phpstudy\WWW\tic\Application\Common\Model\ApprovalModel.class.php 第 47 行.
SQL: UPDATE `approval` SET `isread`='3' WHERE `id` = '' [ RunTime:0.0001s ]

[ 2019-03-16T16:26:01+08:00 ] ::1 /tic/?m=friend&c=friend&a=addFriend
INFO: [ app_init ] --START--
INFO: Run Behavior\BuildLiteBehavior [ RunTime:0.000010s ]
INFO: [ app_init ] --END-- [ RunTime:0.000380s ]
INFO: [ app_begin ] --START--
INFO: Run Behavior\ReadHtmlCacheBehavior [ RunTime:0.000804s ]
INFO: [ app_begin ] --END-- [ RunTime:0.000841s ]
SQL: SHOW COLUMNS FROM `friend` [ RunTime:0.0121s ]
NOTIC: [8] Undefined variable: _db E:\phpstudy\WWW\tic\Application\Common\Model\FriendModel.class.php 第 10 行.
NOTIC: [8] Undefined variable: _db E:\phpstudy\WWW\tic\Application\Common\Model\FriendModel.class.php 第 25 行.
SQL: SELECT * FROM `friend` WHERE `userid` = '1d3399f8-6c26-f6d4-0909-2b53ba0199ea' AND `friendid` = 'de82c1d5-ad3b-2ebb-5681-0cc0770c6561' LIMIT 1   [ RunTime:0.0002s ]
NOTIC: [8] Undefined variable: _db E:\phpstudy\WWW\tic\Application\Common\Model\FriendModel.class.php 第 19 行.
SQL: INSERT INTO `friend` (`id`,`userid`,`friendid`,`createtime`,`createtimes`,`status`) VALUES ('7dc7a354-eac9-f191-b57b-ba3e2208f542','1d3399f8-6c26-f6d4-0909-2b53ba0199ea','de82c1d5-ad3b-2ebb-5681-0cc0770c6561','1552724761','2019-03-16 16:26:01','1') [ RunTime:0.0220s ]
NOTIC: [2048] Declaration of Common\Model\ApprovalModel::add() should be compatible with Think\Model::add($data = '', $options = Array, $replace = false) E:\phpstudy\WWW\tic\Application\Common\Model\ApprovalModel.class.php 第 49 行.
SQL: SHOW COLUMNS FROM `approval` [ RunTime:0.0092s ]
NOTIC: [8] Undefined variable: _db E:\phpstudy\WWW\tic\Application\Common\Model\ApprovalModel.class.php 第 10 行.
NOTIC: [8] Undefined variable: _db E:\phpstudy\WWW\tic\Application\Common\Model\ApprovalModel.class.php 第 47 行.
SQL: UPDATE `approval` SET `isread`='3' WHERE `id` = '83233fee-7bb2-0804-94d8-b72f2d3d76f5' [ RunTime:0.0002s ]
NOTIC: [8] Undefined variable: _db E:\phpstudy\WWW\tic\Application\Common\Model\ApprovalModel.class.php 第 37 行.
SQL: SELECT * FROM `approval` WHERE `userid` = '1d3399f8-6c26-f6d4-0909-2b53ba0199ea' AND `approvalid` = 'de82c1d5-ad3b-2ebb-5681-0cc0770c6561' LIMIT 1   [ RunTime:0.0001s ]
NOTIC: [8] Undefined variable: _db E:\phpstudy\WWW\tic\Application\Common\Model\ApprovalModel.class.php 第 47 行.
SQL: UPDATE `approval` SET `isread`='3' WHERE `id` = 'a510fa2f-36da-715f-386e-08873c29dca9' [ RunTime:0.0001s ]

[ 2019-03-16T16:38:50+08:00 ] ::1 /tic/?m=friend&c=friend&a=get_friendList
INFO: [ app_init ] --START--
INFO: Run Behavior\BuildLiteBehavior [ RunTime:0.000011s ]
INFO: [ app_init ] --END-- [ RunTime:0.000391s ]
INFO: [ app_begin ] --START--
INFO: Run Behavior\ReadHtmlCacheBehavior [ RunTime:0.000659s ]
INFO: [ app_begin ] --END-- [ RunTime:0.000695s ]
SQL: SHOW COLUMNS FROM `friend` [ RunTime:0.0148s ]
NOTIC: [8] Undefined variable: _db E:\phpstudy\WWW\tic\Application\Common\Model\FriendModel.class.php 第 10 行.
ERR: 1064:You have an error in your SQL syntax; check the manual that corresponds to your MySQL server version for the right syntax to use near 'describe,createtime,createtimes
    from friend f
    LEFT JOIN `user` u on f.' at line 1
 [ SQL语句 ] : select u.id as id ,account,email,nickname,sex,portrait,score,province,city,phone,birthday,constellation,describe,createtime,createtimes
    from friend f
    LEFT JOIN `user` u on f.userid = u.id OR f.friendid = u.id
    where (f.userid = 'de82c1d5-ad3b-2ebb-5681-0cc0770c6561' OR f.friendid = 'de82c1d5-ad3b-2ebb-5681-0cc0770c6561')
    AND u.id <> 'de82c1d5-ad3b-2ebb-5681-0cc0770c6561'
ERR: 1064:You have an error in your SQL syntax; check the manual that corresponds to your MySQL server version for the right syntax to use near 'describe,createtime,createtimes
    from friend f
    LEFT JOIN `user` u on f.' at line 1
 [ SQL语句 ] : select u.id as id ,account,email,nickname,sex,portrait,score,province,city,phone,birthday,constellation,describe,createtime,createtimes
    from friend f
    LEFT JOIN `user` u on f.userid = u.id OR f.friendid = u.id
    where (f.userid = 'de82c1d5-ad3b-2ebb-5681-0cc0770c6561' OR f.friendid = 'de82c1d5-ad3b-2ebb-5681-0cc0770c6561')
    AND u.id <> 'de82c1d5-ad3b-2ebb-5681-0cc0770c6561'

[ 2019-03-16T16:40:34+08:00 ] ::1 /tic/?m=friend&c=friend&a=get_friendList
INFO: [ app_init ] --START--
INFO: Run Behavior\BuildLiteBehavior [ RunTime:0.000011s ]
INFO: [ app_init ] --END-- [ RunTime:0.000387s ]
INFO: [ app_begin ] --START--
INFO: Run Behavior\ReadHtmlCacheBehavior [ RunTime:0.000910s ]
INFO: [ app_begin ] --END-- [ RunTime:0.000963s ]
SQL: SHOW COLUMNS FROM `friend` [ RunTime:0.0122s ]
NOTIC: [8] Undefined variable: _db E:\phpstudy\WWW\tic\Application\Common\Model\FriendModel.class.php 第 10 行.
ERR: 1064:You have an error in your SQL syntax; check the manual that corresponds to your MySQL server version for the right syntax to use near 'describe,u.createtimes as createtimes
    from friend f
    LEFT JOIN `user` u' at line 1
 [ SQL语句 ] : select u.id as id ,account,email,nickname,sex,portrait,score,province,city,phone,birthday,constellation,describe,u.createtimes as createtimes
    from friend f
    LEFT JOIN `user` u on f.userid = u.id OR f.friendid = u.id
    where (f.userid = 'de82c1d5-ad3b-2ebb-5681-0cc0770c6561' OR f.friendid = 'de82c1d5-ad3b-2ebb-5681-0cc0770c6561')
    AND u.id <> 'de82c1d5-ad3b-2ebb-5681-0cc0770c6561'
ERR: 1064:You have an error in your SQL syntax; check the manual that corresponds to your MySQL server version for the right syntax to use near 'describe,u.createtimes as createtimes
    from friend f
    LEFT JOIN `user` u' at line 1
 [ SQL语句 ] : select u.id as id ,account,email,nickname,sex,portrait,score,province,city,phone,birthday,constellation,describe,u.createtimes as createtimes
    from friend f
    LEFT JOIN `user` u on f.userid = u.id OR f.friendid = u.id
    where (f.userid = 'de82c1d5-ad3b-2ebb-5681-0cc0770c6561' OR f.friendid = 'de82c1d5-ad3b-2ebb-5681-0cc0770c6561')
    AND u.id <> 'de82c1d5-ad3b-2ebb-5681-0cc0770c6561'

[ 2019-03-16T16:40:43+08:00 ] ::1 /tic/?m=friend&c=friend&a=get_friendList
INFO: [ app_init ] --START--
INFO: Run Behavior\BuildLiteBehavior [ RunTime:0.000011s ]
INFO: [ app_init ] --END-- [ RunTime:0.000320s ]
INFO: [ app_begin ] --START--
INFO: Run Behavior\ReadHtmlCacheBehavior [ RunTime:0.000440s ]
INFO: [ app_begin ] --END-- [ RunTime:0.000475s ]
SQL: SHOW COLUMNS FROM `friend` [ RunTime:0.0119s ]
NOTIC: [8] Undefined variable: _db E:\phpstudy\WWW\tic\Application\Common\Model\FriendModel.class.php 第 10 行.
SQL: select u.id as id ,account,email,nickname,sex,portrait,score,province,city,phone,birthday,constellation,`describe`,u.createtimes as createtimes
    from friend f
    LEFT JOIN `user` u on f.userid = u.id OR f.friendid = u.id
    where (f.userid = 'de82c1d5-ad3b-2ebb-5681-0cc0770c6561' OR f.friendid = 'de82c1d5-ad3b-2ebb-5681-0cc0770c6561')
    AND u.id <> 'de82c1d5-ad3b-2ebb-5681-0cc0770c6561' [ RunTime:0.0004s ]

[ 2019-03-16T16:41:13+08:00 ] ::1 /tic/?m=friend&c=friend&a=get_friendList
INFO: [ app_init ] --START--
INFO: Run Behavior\BuildLiteBehavior [ RunTime:0.000010s ]
INFO: [ app_init ] --END-- [ RunTime:0.000388s ]
INFO: [ app_begin ] --START--
INFO: Run Behavior\ReadHtmlCacheBehavior [ RunTime:0.000710s ]
INFO: [ app_begin ] --END-- [ RunTime:0.000745s ]
SQL: SHOW COLUMNS FROM `friend` [ RunTime:0.0118s ]
NOTIC: [8] Undefined variable: _db E:\phpstudy\WWW\tic\Application\Common\Model\FriendModel.class.php 第 10 行.
NOTIC: [8] Undefined variable: _db E:\phpstudy\WWW\tic\Application\Common\Model\FriendModel.class.php 第 35 行.
SQL: select u.id as id ,account,email,nickname,sex,portrait,score,province,city,phone,birthday,constellation,`describe`,u.createtimes as createtimes
    from friend f
    LEFT JOIN `user` u on f.userid = u.id OR f.friendid = u.id
    where (f.userid = 'de82c1d5-ad3b-2ebb-5681-0cc0770c6561' OR f.friendid = 'de82c1d5-ad3b-2ebb-5681-0cc0770c6561')
    AND u.id <> 'de82c1d5-ad3b-2ebb-5681-0cc0770c6561' [ RunTime:0.0004s ]

[ 2019-03-16T16:41:47+08:00 ] ::1 /tic/?m=friend&c=friend&a=get_friendList
INFO: [ app_init ] --START--
INFO: Run Behavior\BuildLiteBehavior [ RunTime:0.000011s ]
INFO: [ app_init ] --END-- [ RunTime:0.000404s ]
INFO: [ app_begin ] --START--
INFO: Run Behavior\ReadHtmlCacheBehavior [ RunTime:0.000701s ]
INFO: [ app_begin ] --END-- [ RunTime:0.000740s ]
SQL: SHOW COLUMNS FROM `friend` [ RunTime:0.0124s ]
NOTIC: [8] Undefined variable: _db E:\phpstudy\WWW\tic\Application\Common\Model\FriendModel.class.php 第 10 行.
NOTIC: [8] Undefined variable: _db E:\phpstudy\WWW\tic\Application\Common\Model\FriendModel.class.php 第 34 行.
SQL: select u.id as id ,account,email,nickname,sex,portrait,score,province,city,phone,birthday,constellation,`describe`,u.createtimes as createtimes
    from friend f
    LEFT JOIN `user` u on f.userid = u.id OR f.friendid = u.id
    where (f.userid = 'de82c1d5-ad3b-2ebb-5681-0cc0770c6561' OR f.friendid = 'de82c1d5-ad3b-2ebb-5681-0cc0770c6561')
    AND u.id <> 'de82c1d5-ad3b-2ebb-5681-0cc0770c6561' [ RunTime:0.0004s ]

[ 2019-03-16T16:41:59+08:00 ] ::1 /tic/?m=friend&c=friend&a=get_friendList
INFO: [ app_init ] --START--
INFO: Run Behavior\BuildLiteBehavior [ RunTime:0.000010s ]
INFO: [ app_init ] --END-- [ RunTime:0.000384s ]
INFO: [ app_begin ] --START--
INFO: Run Behavior\ReadHtmlCacheBehavior [ RunTime:0.000732s ]
INFO: [ app_begin ] --END-- [ RunTime:0.000767s ]
SQL: SHOW COLUMNS FROM `friend` [ RunTime:0.0124s ]
NOTIC: [8] Undefined variable: _db E:\phpstudy\WWW\tic\Application\Common\Model\FriendModel.class.php 第 10 行.
NOTIC: [8] Undefined variable: _db E:\phpstudy\WWW\tic\Application\Common\Model\FriendModel.class.php 第 34 行.
SQL: select u.id as id ,account,email,nickname,sex,portrait,score,province,city,phone,birthday,constellation,`describe`,u.createtimes as createtimes
    from friend f
    LEFT JOIN `user` u on f.userid = u.id OR f.friendid = u.id
    where (f.userid = '1d3399f8-6c26-f6d4-0909-2b53ba0199ea' OR f.friendid = '1d3399f8-6c26-f6d4-0909-2b53ba0199ea')
    AND u.id <> '1d3399f8-6c26-f6d4-0909-2b53ba0199ea' [ RunTime:0.0004s ]

[ 2019-03-16T16:51:37+08:00 ] ::1 /tic/?m=friend&c=friend&a=search_user
INFO: [ app_init ] --START--
INFO: Run Behavior\BuildLiteBehavior [ RunTime:0.000016s ]
INFO: [ app_init ] --END-- [ RunTime:0.000434s ]
INFO: [ app_begin ] --START--
INFO: Run Behavior\ReadHtmlCacheBehavior [ RunTime:0.000724s ]
INFO: [ app_begin ] --END-- [ RunTime:0.000767s ]
NOTIC: [2048] Declaration of Common\Model\UserModel::add() should be compatible with Think\Model::add($data = '', $options = Array, $replace = false) E:\phpstudy\WWW\tic\Application\Common\Model\UserModel.class.php 第 11 行.
SQL: SHOW COLUMNS FROM `user` [ RunTime:0.0127s ]
NOTIC: [8] Undefined variable: _db E:\phpstudy\WWW\tic\Application\Common\Model\UserModel.class.php 第 15 行.
NOTIC: [8] Undefined variable: _db E:\phpstudy\WWW\tic\Application\Common\Model\UserModel.class.php 第 55 行.
SQL: SELECT `id`,`account`,`email`,`nickname`,`sex`,`portrait`,`score`,`province`,`city`,`phone`,`birthday`,`constellation`,`describe`,`createtimes` FROM `user` WHERE ( account LIKE '%610729607%' OR nickname LIKE '%610729607%' )  [ RunTime:0.0003s ]

